2024-04-08 20:16:27 startup archives unpack
2024-04-08 20:16:27 install perl-modules-5.36:all <none> 5.36.0-7+deb12u1
2024-04-08 20:16:27 status half-installed perl-modules-5.36:all 5.36.0-7+deb12u1
2024-04-08 20:16:28 status unpacked perl-modules-5.36:all 5.36.0-7+deb12u1
2024-04-08 20:16:28 install libgdbm6:amd64 <none> 1.23-3
2024-04-08 20:16:28 status triggers-pending libc-bin:amd64 2.36-9+deb12u4
2024-04-08 20:16:28 status half-installed libgdbm6:amd64 1.23-3
2024-04-08 20:16:28 status unpacked libgdbm6:amd64 1.23-3
2024-04-08 20:16:28 install libgdbm-compat4:amd64 <none> 1.23-3
2024-04-08 20:16:28 status half-installed libgdbm-compat4:amd64 1.23-3
2024-04-08 20:16:28 status unpacked libgdbm-compat4:amd64 1.23-3
2024-04-08 20:16:28 install libperl5.36:amd64 <none> 5.36.0-7+deb12u1
2024-04-08 20:16:28 status half-installed libperl5.36:amd64 5.36.0-7+deb12u1
2024-04-08 20:16:29 status unpacked libperl5.36:amd64 5.36.0-7+deb12u1
2024-04-08 20:16:29 install perl:amd64 <none> 5.36.0-7+deb12u1
2024-04-08 20:16:29 status half-installed perl:amd64 5.36.0-7+deb12u1
2024-04-08 20:16:29 status unpacked perl:amd64 5.36.0-7+deb12u1
2024-04-08 20:16:29 install libalgorithm-c3-perl:all <none> 0.11-2
2024-04-08 20:16:29 status half-installed libalgorithm-c3-perl:all 0.11-2
2024-04-08 20:16:29 status unpacked libalgorithm-c3-perl:all 0.11-2
2024-04-08 20:16:29 install libb-hooks-op-check-perl:amd64 <none> 0.22-2+b1
2024-04-08 20:16:29 status half-installed libb-hooks-op-check-perl:amd64 0.22-2+b1
2024-04-08 20:16:29 status unpacked libb-hooks-op-check-perl:amd64 0.22-2+b1
2024-04-08 20:16:29 install libdynaloader-functions-perl:all <none> 0.003-3
2024-04-08 20:16:29 status half-installed libdynaloader-functions-perl:all 0.003-3
2024-04-08 20:16:29 status unpacked libdynaloader-functions-perl:all 0.003-3
2024-04-08 20:16:30 install libdevel-callchecker-perl:amd64 <none> 0.008-2
2024-04-08 20:16:30 status half-installed libdevel-callchecker-perl:amd64 0.008-2
2024-04-08 20:16:30 status unpacked libdevel-callchecker-perl:amd64 0.008-2
2024-04-08 20:16:30 install libparams-classify-perl:amd64 <none> 0.015-2+b1
2024-04-08 20:16:30 status half-installed libparams-classify-perl:amd64 0.015-2+b1
2024-04-08 20:16:30 status unpacked libparams-classify-perl:amd64 0.015-2+b1
2024-04-08 20:16:30 install libmodule-runtime-perl:all <none> 0.016-2
2024-04-08 20:16:30 status half-installed libmodule-runtime-perl:all 0.016-2
2024-04-08 20:16:30 status unpacked libmodule-runtime-perl:all 0.016-2
2024-04-08 20:16:30 install libtry-tiny-perl:all <none> 0.31-2
2024-04-08 20:16:30 status half-installed libtry-tiny-perl:all 0.31-2
2024-04-08 20:16:30 status unpacked libtry-tiny-perl:all 0.31-2
2024-04-08 20:16:30 install libmodule-implementation-perl:all <none> 0.09-2
2024-04-08 20:16:30 status half-installed libmodule-implementation-perl:all 0.09-2
2024-04-08 20:16:30 status unpacked libmodule-implementation-perl:all 0.09-2
2024-04-08 20:16:30 install libsub-exporter-progressive-perl:all <none> 0.001013-3
2024-04-08 20:16:30 status half-installed libsub-exporter-progressive-perl:all 0.001013-3
2024-04-08 20:16:30 status unpacked libsub-exporter-progressive-perl:all 0.001013-3
2024-04-08 20:16:31 install libvariable-magic-perl:amd64 <none> 0.63-1+b1
2024-04-08 20:16:31 status half-installed libvariable-magic-perl:amd64 0.63-1+b1
2024-04-08 20:16:31 status unpacked libvariable-magic-perl:amd64 0.63-1+b1
2024-04-08 20:16:31 install libb-hooks-endofscope-perl:all <none> 0.26-1
2024-04-08 20:16:31 status half-installed libb-hooks-endofscope-perl:all 0.26-1
2024-04-08 20:16:31 status unpacked libb-hooks-endofscope-perl:all 0.26-1
2024-04-08 20:16:31 install libclass-c3-perl:all <none> 0.35-2
2024-04-08 20:16:31 status half-installed libclass-c3-perl:all 0.35-2
2024-04-08 20:16:31 status unpacked libclass-c3-perl:all 0.35-2
2024-04-08 20:16:31 install libclass-data-inheritable-perl:all <none> 0.08-3
2024-04-08 20:16:31 status half-installed libclass-data-inheritable-perl:all 0.08-3
2024-04-08 20:16:31 status unpacked libclass-data-inheritable-perl:all 0.08-3
2024-04-08 20:16:31 install libclass-inspector-perl:all <none> 1.36-3
2024-04-08 20:16:31 status half-installed libclass-inspector-perl:all 1.36-3
2024-04-08 20:16:31 status unpacked libclass-inspector-perl:all 1.36-3
2024-04-08 20:16:31 install libclass-method-modifiers-perl:all <none> 2.14-1
2024-04-08 20:16:31 status half-installed libclass-method-modifiers-perl:all 2.14-1
2024-04-08 20:16:32 status unpacked libclass-method-modifiers-perl:all 2.14-1
2024-04-08 20:16:32 install libclass-singleton-perl:all <none> 1.6-2
2024-04-08 20:16:32 status half-installed libclass-singleton-perl:all 1.6-2
2024-04-08 20:16:32 status unpacked libclass-singleton-perl:all 1.6-2
2024-04-08 20:16:32 install libparams-util-perl:amd64 <none> 1.102-2+b1
2024-04-08 20:16:32 status half-installed libparams-util-perl:amd64 1.102-2+b1
2024-04-08 20:16:32 status unpacked libparams-util-perl:amd64 1.102-2+b1
2024-04-08 20:16:32 install libsub-install-perl:all <none> 0.929-1
2024-04-08 20:16:32 status half-installed libsub-install-perl:all 0.929-1
2024-04-08 20:16:32 status unpacked libsub-install-perl:all 0.929-1
2024-04-08 20:16:32 install libdata-optlist-perl:all <none> 0.113-1
2024-04-08 20:16:32 status half-installed libdata-optlist-perl:all 0.113-1
2024-04-08 20:16:32 status unpacked libdata-optlist-perl:all 0.113-1
2024-04-08 20:16:32 install libfile-sharedir-perl:all <none> 1.118-3
2024-04-08 20:16:32 status half-installed libfile-sharedir-perl:all 1.118-3
2024-04-08 20:16:32 status unpacked libfile-sharedir-perl:all 1.118-3
2024-04-08 20:16:32 install libpackage-stash-perl:all <none> 0.40-1
2024-04-08 20:16:32 status half-installed libpackage-stash-perl:all 0.40-1
2024-04-08 20:16:33 status unpacked libpackage-stash-perl:all 0.40-1
2024-04-08 20:16:33 install libsub-identify-perl:amd64 <none> 0.14-3
2024-04-08 20:16:33 status half-installed libsub-identify-perl:amd64 0.14-3
2024-04-08 20:16:33 status unpacked libsub-identify-perl:amd64 0.14-3
2024-04-08 20:16:33 install libsub-name-perl:amd64 <none> 0.26-2+b1
2024-04-08 20:16:33 status half-installed libsub-name-perl:amd64 0.26-2+b1
2024-04-08 20:16:33 status unpacked libsub-name-perl:amd64 0.26-2+b1
2024-04-08 20:16:33 install libnamespace-clean-perl:all <none> 0.27-2
2024-04-08 20:16:33 status half-installed libnamespace-clean-perl:all 0.27-2
2024-04-08 20:16:33 status unpacked libnamespace-clean-perl:all 0.27-2
2024-04-08 20:16:33 install libnamespace-autoclean-perl:all <none> 0.29-2
2024-04-08 20:16:33 status half-installed libnamespace-autoclean-perl:all 0.29-2
2024-04-08 20:16:33 status unpacked libnamespace-autoclean-perl:all 0.29-2
2024-04-08 20:16:33 install libsub-exporter-perl:all <none> 0.989-1
2024-04-08 20:16:33 status half-installed libsub-exporter-perl:all 0.989-1
2024-04-08 20:16:33 status unpacked libsub-exporter-perl:all 0.989-1
2024-04-08 20:16:33 install libeval-closure-perl:all <none> 0.14-3
2024-04-08 20:16:33 status half-installed libeval-closure-perl:all 0.14-3
2024-04-08 20:16:33 status unpacked libeval-closure-perl:all 0.14-3
2024-04-08 20:16:34 install libdevel-stacktrace-perl:all <none> 2.0400-2
2024-04-08 20:16:34 status half-installed libdevel-stacktrace-perl:all 2.0400-2
2024-04-08 20:16:34 status unpacked libdevel-stacktrace-perl:all 2.0400-2
2024-04-08 20:16:34 install libexception-class-perl:all <none> 1.45-1
2024-04-08 20:16:34 status half-installed libexception-class-perl:all 1.45-1
2024-04-08 20:16:34 status unpacked libexception-class-perl:all 1.45-1
2024-04-08 20:16:34 install libparams-validationcompiler-perl:all <none> 0.31-1
2024-04-08 20:16:34 status half-installed libparams-validationcompiler-perl:all 0.31-1
2024-04-08 20:16:34 status unpacked libparams-validationcompiler-perl:all 0.31-1
2024-04-08 20:16:34 install libmro-compat-perl:all <none> 0.15-2
2024-04-08 20:16:34 status half-installed libmro-compat-perl:all 0.15-2
2024-04-08 20:16:34 status unpacked libmro-compat-perl:all 0.15-2
2024-04-08 20:16:34 install librole-tiny-perl:all <none> 2.002004-1
2024-04-08 20:16:34 status half-installed librole-tiny-perl:all 2.002004-1
2024-04-08 20:16:34 status unpacked librole-tiny-perl:all 2.002004-1
2024-04-08 20:16:34 install libsub-quote-perl:all <none> 2.006008-1
2024-04-08 20:16:34 status half-installed libsub-quote-perl:all 2.006008-1
2024-04-08 20:16:35 status unpacked libsub-quote-perl:all 2.006008-1
2024-04-08 20:16:35 install libxstring-perl:amd64 <none> 0.005-2+b1
2024-04-08 20:16:35 status half-installed libxstring-perl:amd64 0.005-2+b1
2024-04-08 20:16:35 status unpacked libxstring-perl:amd64 0.005-2+b1
2024-04-08 20:16:35 install libspecio-perl:all <none> 0.48-1
2024-04-08 20:16:35 status half-installed libspecio-perl:all 0.48-1
2024-04-08 20:16:35 status unpacked libspecio-perl:all 0.48-1
2024-04-08 20:16:35 install libdatetime-locale-perl:all <none> 1:1.37-1
2024-04-08 20:16:35 status half-installed libdatetime-locale-perl:all 1:1.37-1
2024-04-08 20:16:36 status unpacked libdatetime-locale-perl:all 1:1.37-1
2024-04-08 20:16:36 install libdatetime-timezone-perl:all <none> 1:2.60-1+2024a
2024-04-08 20:16:36 status half-installed libdatetime-timezone-perl:all 1:2.60-1+2024a
2024-04-08 20:16:36 status unpacked libdatetime-timezone-perl:all 1:2.60-1+2024a
2024-04-08 20:16:36 install libdatetime-perl:amd64 <none> 2:1.59-1
2024-04-08 20:16:36 status half-installed libdatetime-perl:amd64 2:1.59-1
2024-04-08 20:16:36 status unpacked libdatetime-perl:amd64 2:1.59-1
2024-04-08 20:16:36 startup packages configure
2024-04-08 20:16:36 configure perl-modules-5.36:all 5.36.0-7+deb12u1 <none>
2024-04-08 20:16:36 status unpacked perl-modules-5.36:all 5.36.0-7+deb12u1
2024-04-08 20:16:36 status half-configured perl-modules-5.36:all 5.36.0-7+deb12u1
2024-04-08 20:16:36 status installed perl-modules-5.36:all 5.36.0-7+deb12u1
2024-04-08 20:16:37 configure libgdbm6:amd64 1.23-3 <none>
2024-04-08 20:16:37 status unpacked libgdbm6:amd64 1.23-3
2024-04-08 20:16:37 status half-configured libgdbm6:amd64 1.23-3
2024-04-08 20:16:37 status installed libgdbm6:amd64 1.23-3
2024-04-08 20:16:37 configure libgdbm-compat4:amd64 1.23-3 <none>
2024-04-08 20:16:37 status unpacked libgdbm-compat4:amd64 1.23-3
2024-04-08 20:16:37 status half-configured libgdbm-compat4:amd64 1.23-3
2024-04-08 20:16:37 status installed libgdbm-compat4:amd64 1.23-3
2024-04-08 20:16:37 configure libperl5.36:amd64 5.36.0-7+deb12u1 <none>
2024-04-08 20:16:37 status unpacked libperl5.36:amd64 5.36.0-7+deb12u1
2024-04-08 20:16:37 status half-configured libperl5.36:amd64 5.36.0-7+deb12u1
2024-04-08 20:16:37 status installed libperl5.36:amd64 5.36.0-7+deb12u1
2024-04-08 20:16:37 configure perl:amd64 5.36.0-7+deb12u1 <none>
2024-04-08 20:16:37 status unpacked perl:amd64 5.36.0-7+deb12u1
2024-04-08 20:16:37 status half-configured perl:amd64 5.36.0-7+deb12u1
2024-04-08 20:16:37 status installed perl:amd64 5.36.0-7+deb12u1
2024-04-08 20:16:37 configure libclass-data-inheritable-perl:all 0.08-3 <none>
2024-04-08 20:16:37 status unpacked libclass-data-inheritable-perl:all 0.08-3
2024-04-08 20:16:37 status half-configured libclass-data-inheritable-perl:all 0.08-3
2024-04-08 20:16:37 status installed libclass-data-inheritable-perl:all 0.08-3
2024-04-08 20:16:37 configure libalgorithm-c3-perl:all 0.11-2 <none>
2024-04-08 20:16:37 status unpacked libalgorithm-c3-perl:all 0.11-2
2024-04-08 20:16:37 status half-configured libalgorithm-c3-perl:all 0.11-2
2024-04-08 20:16:37 status installed libalgorithm-c3-perl:all 0.11-2
2024-04-08 20:16:37 configure libvariable-magic-perl:amd64 0.63-1+b1 <none>
2024-04-08 20:16:37 status unpacked libvariable-magic-perl:amd64 0.63-1+b1
2024-04-08 20:16:37 status half-configured libvariable-magic-perl:amd64 0.63-1+b1
2024-04-08 20:16:37 status installed libvariable-magic-perl:amd64 0.63-1+b1
2024-04-08 20:16:37 configure libb-hooks-op-check-perl:amd64 0.22-2+b1 <none>
2024-04-08 20:16:37 status unpacked libb-hooks-op-check-perl:amd64 0.22-2+b1
2024-04-08 20:16:37 status half-configured libb-hooks-op-check-perl:amd64 0.22-2+b1
2024-04-08 20:16:37 status installed libb-hooks-op-check-perl:amd64 0.22-2+b1
2024-04-08 20:16:37 configure libparams-util-perl:amd64 1.102-2+b1 <none>
2024-04-08 20:16:37 status unpacked libparams-util-perl:amd64 1.102-2+b1
2024-04-08 20:16:37 status half-configured libparams-util-perl:amd64 1.102-2+b1
2024-04-08 20:16:37 status installed libparams-util-perl:amd64 1.102-2+b1
2024-04-08 20:16:37 configure libsub-exporter-progressive-perl:all 0.001013-3 <none>
2024-04-08 20:16:37 status unpacked libsub-exporter-progressive-perl:all 0.001013-3
2024-04-08 20:16:37 status half-configured libsub-exporter-progressive-perl:all 0.001013-3
2024-04-08 20:16:37 status installed libsub-exporter-progressive-perl:all 0.001013-3
2024-04-08 20:16:37 configure libsub-name-perl:amd64 0.26-2+b1 <none>
2024-04-08 20:16:37 status unpacked libsub-name-perl:amd64 0.26-2+b1
2024-04-08 20:16:37 status half-configured libsub-name-perl:amd64 0.26-2+b1
2024-04-08 20:16:37 status installed libsub-name-perl:amd64 0.26-2+b1
2024-04-08 20:16:37 configure libsub-quote-perl:all 2.006008-1 <none>
2024-04-08 20:16:37 status unpacked libsub-quote-perl:all 2.006008-1
2024-04-08 20:16:37 status half-configured libsub-quote-perl:all 2.006008-1
2024-04-08 20:16:37 status installed libsub-quote-perl:all 2.006008-1
2024-04-08 20:16:37 configure libdevel-stacktrace-perl:all 2.0400-2 <none>
2024-04-08 20:16:37 status unpacked libdevel-stacktrace-perl:all 2.0400-2
2024-04-08 20:16:37 status half-configured libdevel-stacktrace-perl:all 2.0400-2
2024-04-08 20:16:38 status installed libdevel-stacktrace-perl:all 2.0400-2
2024-04-08 20:16:38 configure libclass-inspector-perl:all 1.36-3 <none>
2024-04-08 20:16:38 status unpacked libclass-inspector-perl:all 1.36-3
2024-04-08 20:16:38 status half-configured libclass-inspector-perl:all 1.36-3
2024-04-08 20:16:38 status installed libclass-inspector-perl:all 1.36-3
2024-04-08 20:16:38 configure libdynaloader-functions-perl:all 0.003-3 <none>
2024-04-08 20:16:38 status unpacked libdynaloader-functions-perl:all 0.003-3
2024-04-08 20:16:38 status half-configured libdynaloader-functions-perl:all 0.003-3
2024-04-08 20:16:38 status installed libdynaloader-functions-perl:all 0.003-3
2024-04-08 20:16:38 configure libclass-method-modifiers-perl:all 2.14-1 <none>
2024-04-08 20:16:38 status unpacked libclass-method-modifiers-perl:all 2.14-1
2024-04-08 20:16:38 status half-configured libclass-method-modifiers-perl:all 2.14-1
2024-04-08 20:16:38 status installed libclass-method-modifiers-perl:all 2.14-1
2024-04-08 20:16:38 configure libsub-identify-perl:amd64 0.14-3 <none>
2024-04-08 20:16:38 status unpacked libsub-identify-perl:amd64 0.14-3
2024-04-08 20:16:38 status half-configured libsub-identify-perl:amd64 0.14-3
2024-04-08 20:16:38 status installed libsub-identify-perl:amd64 0.14-3
2024-04-08 20:16:38 configure libtry-tiny-perl:all 0.31-2 <none>
2024-04-08 20:16:38 status unpacked libtry-tiny-perl:all 0.31-2
2024-04-08 20:16:38 status half-configured libtry-tiny-perl:all 0.31-2
2024-04-08 20:16:38 status installed libtry-tiny-perl:all 0.31-2
2024-04-08 20:16:38 configure libclass-singleton-perl:all 1.6-2 <none>
2024-04-08 20:16:38 status unpacked libclass-singleton-perl:all 1.6-2
2024-04-08 20:16:38 status half-configured libclass-singleton-perl:all 1.6-2
2024-04-08 20:16:38 status installed libclass-singleton-perl:all 1.6-2
2024-04-08 20:16:38 configure libexception-class-perl:all 1.45-1 <none>
2024-04-08 20:16:38 status unpacked libexception-class-perl:all 1.45-1
2024-04-08 20:16:38 status half-configured libexception-class-perl:all 1.45-1
2024-04-08 20:16:38 status installed libexception-class-perl:all 1.45-1
2024-04-08 20:16:38 configure libclass-c3-perl:all 0.35-2 <none>
2024-04-08 20:16:38 status unpacked libclass-c3-perl:all 0.35-2
2024-04-08 20:16:38 status half-configured libclass-c3-perl:all 0.35-2
2024-04-08 20:16:38 status installed libclass-c3-perl:all 0.35-2
2024-04-08 20:16:38 configure libxstring-perl:amd64 0.005-2+b1 <none>
2024-04-08 20:16:38 status unpacked libxstring-perl:amd64 0.005-2+b1
2024-04-08 20:16:38 status half-configured libxstring-perl:amd64 0.005-2+b1
2024-04-08 20:16:38 status installed libxstring-perl:amd64 0.005-2+b1
2024-04-08 20:16:38 configure libdevel-callchecker-perl:amd64 0.008-2 <none>
2024-04-08 20:16:38 status unpacked libdevel-callchecker-perl:amd64 0.008-2
2024-04-08 20:16:38 status half-configured libdevel-callchecker-perl:amd64 0.008-2
2024-04-08 20:16:38 status installed libdevel-callchecker-perl:amd64 0.008-2
2024-04-08 20:16:38 configure libsub-install-perl:all 0.929-1 <none>
2024-04-08 20:16:38 status unpacked libsub-install-perl:all 0.929-1
2024-04-08 20:16:38 status half-configured libsub-install-perl:all 0.929-1
2024-04-08 20:16:38 status installed libsub-install-perl:all 0.929-1
2024-04-08 20:16:38 configure libdata-optlist-perl:all 0.113-1 <none>
2024-04-08 20:16:38 status unpacked libdata-optlist-perl:all 0.113-1
2024-04-08 20:16:38 status half-configured libdata-optlist-perl:all 0.113-1
2024-04-08 20:16:38 status installed libdata-optlist-perl:all 0.113-1
2024-04-08 20:16:38 configure librole-tiny-perl:all 2.002004-1 <none>
2024-04-08 20:16:38 status unpacked librole-tiny-perl:all 2.002004-1
2024-04-08 20:16:38 status half-configured librole-tiny-perl:all 2.002004-1
2024-04-08 20:16:38 status installed librole-tiny-perl:all 2.002004-1
2024-04-08 20:16:38 configure libfile-sharedir-perl:all 1.118-3 <none>
2024-04-08 20:16:38 status unpacked libfile-sharedir-perl:all 1.118-3
2024-04-08 20:16:39 status half-configured libfile-sharedir-perl:all 1.118-3
2024-04-08 20:16:39 status installed libfile-sharedir-perl:all 1.118-3
2024-04-08 20:16:39 configure libmro-compat-perl:all 0.15-2 <none>
2024-04-08 20:16:39 status unpacked libmro-compat-perl:all 0.15-2
2024-04-08 20:16:39 status half-configured libmro-compat-perl:all 0.15-2
2024-04-08 20:16:39 status installed libmro-compat-perl:all 0.15-2
2024-04-08 20:16:39 configure libsub-exporter-perl:all 0.989-1 <none>
2024-04-08 20:16:39 status unpacked libsub-exporter-perl:all 0.989-1
2024-04-08 20:16:39 status half-configured libsub-exporter-perl:all 0.989-1
2024-04-08 20:16:39 status installed libsub-exporter-perl:all 0.989-1
2024-04-08 20:16:39 configure libeval-closure-perl:all 0.14-3 <none>
2024-04-08 20:16:39 status unpacked libeval-closure-perl:all 0.14-3
2024-04-08 20:16:39 status half-configured libeval-closure-perl:all 0.14-3
2024-04-08 20:16:39 status installed libeval-closure-perl:all 0.14-3
2024-04-08 20:16:39 configure libparams-validationcompiler-perl:all 0.31-1 <none>
2024-04-08 20:16:39 status unpacked libparams-validationcompiler-perl:all 0.31-1
2024-04-08 20:16:39 status half-configured libparams-validationcompiler-perl:all 0.31-1
2024-04-08 20:16:39 status installed libparams-validationcompiler-perl:all 0.31-1
2024-04-08 20:16:39 configure libparams-classify-perl:amd64 0.015-2+b1 <none>
2024-04-08 20:16:39 status unpacked libparams-classify-perl:amd64 0.015-2+b1
2024-04-08 20:16:39 status half-configured libparams-classify-perl:amd64 0.015-2+b1
2024-04-08 20:16:39 status installed libparams-classify-perl:amd64 0.015-2+b1
2024-04-08 20:16:39 configure libmodule-runtime-perl:all 0.016-2 <none>
2024-04-08 20:16:39 status unpacked libmodule-runtime-perl:all 0.016-2
2024-04-08 20:16:39 status half-configured libmodule-runtime-perl:all 0.016-2
2024-04-08 20:16:39 status installed libmodule-runtime-perl:all 0.016-2
2024-04-08 20:16:39 configure libmodule-implementation-perl:all 0.09-2 <none>
2024-04-08 20:16:39 status unpacked libmodule-implementation-perl:all 0.09-2
2024-04-08 20:16:39 status half-configured libmodule-implementation-perl:all 0.09-2
2024-04-08 20:16:39 status installed libmodule-implementation-perl:all 0.09-2
2024-04-08 20:16:39 configure libpackage-stash-perl:all 0.40-1 <none>
2024-04-08 20:16:39 status unpacked libpackage-stash-perl:all 0.40-1
2024-04-08 20:16:39 status half-configured libpackage-stash-perl:all 0.40-1
2024-04-08 20:16:39 status installed libpackage-stash-perl:all 0.40-1
2024-04-08 20:16:39 configure libspecio-perl:all 0.48-1 <none>
2024-04-08 20:16:39 status unpacked libspecio-perl:all 0.48-1
2024-04-08 20:16:39 status half-configured libspecio-perl:all 0.48-1
2024-04-08 20:16:39 status installed libspecio-perl:all 0.48-1
2024-04-08 20:16:39 configure libb-hooks-endofscope-perl:all 0.26-1 <none>
2024-04-08 20:16:39 status unpacked libb-hooks-endofscope-perl:all 0.26-1
2024-04-08 20:16:39 status half-configured libb-hooks-endofscope-perl:all 0.26-1
2024-04-08 20:16:39 status installed libb-hooks-endofscope-perl:all 0.26-1
2024-04-08 20:16:39 configure libnamespace-clean-perl:all 0.27-2 <none>
2024-04-08 20:16:39 status unpacked libnamespace-clean-perl:all 0.27-2
2024-04-08 20:16:39 status half-configured libnamespace-clean-perl:all 0.27-2
2024-04-08 20:16:39 status installed libnamespace-clean-perl:all 0.27-2
2024-04-08 20:16:39 configure libnamespace-autoclean-perl:all 0.29-2 <none>
2024-04-08 20:16:39 status unpacked libnamespace-autoclean-perl:all 0.29-2
2024-04-08 20:16:39 status half-configured libnamespace-autoclean-perl:all 0.29-2
2024-04-08 20:16:39 status installed libnamespace-autoclean-perl:all 0.29-2
2024-04-08 20:16:40 configure libdatetime-locale-perl:all 1:1.37-1 <none>
2024-04-08 20:16:40 status unpacked libdatetime-locale-perl:all 1:1.37-1
2024-04-08 20:16:40 status half-configured libdatetime-locale-perl:all 1:1.37-1
2024-04-08 20:16:40 status installed libdatetime-locale-perl:all 1:1.37-1
2024-04-08 20:16:40 configure libdatetime-timezone-perl:all 1:2.60-1+2024a <none>
2024-04-08 20:16:40 status unpacked libdatetime-timezone-perl:all 1:2.60-1+2024a
2024-04-08 20:16:40 status half-configured libdatetime-timezone-perl:all 1:2.60-1+2024a
2024-04-08 20:16:40 status installed libdatetime-timezone-perl:all 1:2.60-1+2024a
2024-04-08 20:16:40 configure libdatetime-perl:amd64 2:1.59-1 <none>
2024-04-08 20:16:40 status unpacked libdatetime-perl:amd64 2:1.59-1
2024-04-08 20:16:40 status half-configured libdatetime-perl:amd64 2:1.59-1
2024-04-08 20:16:40 status installed libdatetime-perl:amd64 2:1.59-1
2024-04-08 20:16:40 trigproc libc-bin:amd64 2.36-9+deb12u4 <none>
2024-04-08 20:16:40 status half-configured libc-bin:amd64 2.36-9+deb12u4
2024-04-08 20:16:40 status installed libc-bin:amd64 2.36-9+deb12u4
2024-04-08 20:32:27 startup archives unpack
2024-04-08 20:32:27 install libncursesw6:amd64 <none> 6.4-4
2024-04-08 20:32:27 status triggers-pending libc-bin:amd64 2.36-9+deb12u4
2024-04-08 20:32:27 status half-installed libncursesw6:amd64 6.4-4
2024-04-08 20:32:27 status unpacked libncursesw6:amd64 6.4-4
2024-04-08 20:32:27 install libproc2-0:amd64 <none> 2:4.0.2-3
2024-04-08 20:32:27 status half-installed libproc2-0:amd64 2:4.0.2-3
2024-04-08 20:32:27 status unpacked libproc2-0:amd64 2:4.0.2-3
2024-04-08 20:32:27 install procps:amd64 <none> 2:4.0.2-3
2024-04-08 20:32:27 status half-installed procps:amd64 2:4.0.2-3
2024-04-08 20:32:28 status unpacked procps:amd64 2:4.0.2-3
2024-04-08 20:32:28 install libbsd0:amd64 <none> 0.11.7-2
2024-04-08 20:32:28 status half-installed libbsd0:amd64 0.11.7-2
2024-04-08 20:32:28 status unpacked libbsd0:amd64 0.11.7-2
2024-04-08 20:32:28 install libbrotli1:amd64 <none> 1.0.9-2+b6
2024-04-08 20:32:28 status half-installed libbrotli1:amd64 1.0.9-2+b6
2024-04-08 20:32:28 status unpacked libbrotli1:amd64 1.0.9-2+b6
2024-04-08 20:32:28 install libpng16-16:amd64 <none> 1.6.39-2
2024-04-08 20:32:28 status half-installed libpng16-16:amd64 1.6.39-2
2024-04-08 20:32:28 status unpacked libpng16-16:amd64 1.6.39-2
2024-04-08 20:32:28 install libfreetype6:amd64 <none> 2.12.1+dfsg-5
2024-04-08 20:32:28 status half-installed libfreetype6:amd64 2.12.1+dfsg-5
2024-04-08 20:32:28 status unpacked libfreetype6:amd64 2.12.1+dfsg-5
2024-04-08 20:32:29 install libdrm-common:all <none> 2.4.114-1
2024-04-08 20:32:29 status half-installed libdrm-common:all 2.4.114-1
2024-04-08 20:32:29 status unpacked libdrm-common:all 2.4.114-1
2024-04-08 20:32:29 install libdrm2:amd64 <none> 2.4.114-1+b1
2024-04-08 20:32:29 status half-installed libdrm2:amd64 2.4.114-1+b1
2024-04-08 20:32:29 status unpacked libdrm2:amd64 2.4.114-1+b1
2024-04-08 20:32:29 install libexpat1:amd64 <none> 2.5.0-1
2024-04-08 20:32:29 status half-installed libexpat1:amd64 2.5.0-1
2024-04-08 20:32:29 status unpacked libexpat1:amd64 2.5.0-1
2024-04-08 20:32:29 install libwayland-server0:amd64 <none> 1.21.0-1
2024-04-08 20:32:29 status half-installed libwayland-server0:amd64 1.21.0-1
2024-04-08 20:32:29 status unpacked libwayland-server0:amd64 1.21.0-1
2024-04-08 20:32:30 install libgbm1:amd64 <none> 22.3.6-1+deb12u1
2024-04-08 20:32:30 status half-installed libgbm1:amd64 22.3.6-1+deb12u1
2024-04-08 20:32:30 status unpacked libgbm1:amd64 22.3.6-1+deb12u1
2024-04-08 20:32:30 install libglvnd0:amd64 <none> 1.6.0-1
2024-04-08 20:32:30 status half-installed libglvnd0:amd64 1.6.0-1
2024-04-08 20:32:30 status unpacked libglvnd0:amd64 1.6.0-1
2024-04-08 20:32:30 install libxau6:amd64 <none> 1:1.0.9-1
2024-04-08 20:32:30 status half-installed libxau6:amd64 1:1.0.9-1
2024-04-08 20:32:30 status unpacked libxau6:amd64 1:1.0.9-1
2024-04-08 20:32:30 install libxdmcp6:amd64 <none> 1:1.1.2-3
2024-04-08 20:32:30 status half-installed libxdmcp6:amd64 1:1.1.2-3
2024-04-08 20:32:30 status unpacked libxdmcp6:amd64 1:1.1.2-3
2024-04-08 20:32:30 install libxcb1:amd64 <none> 1.15-1
2024-04-08 20:32:30 status half-installed libxcb1:amd64 1.15-1
2024-04-08 20:32:30 status unpacked libxcb1:amd64 1.15-1
2024-04-08 20:32:31 install libx11-data:all <none> 2:1.8.4-2+deb12u2
2024-04-08 20:32:31 status half-installed libx11-data:all 2:1.8.4-2+deb12u2
2024-04-08 20:32:31 status unpacked libx11-data:all 2:1.8.4-2+deb12u2
2024-04-08 20:32:31 install libx11-6:amd64 <none> 2:1.8.4-2+deb12u2
2024-04-08 20:32:31 status half-installed libx11-6:amd64 2:1.8.4-2+deb12u2
2024-04-08 20:32:31 status unpacked libx11-6:amd64 2:1.8.4-2+deb12u2
2024-04-08 20:32:31 install libglapi-mesa:amd64 <none> 22.3.6-1+deb12u1
2024-04-08 20:32:31 status half-installed libglapi-mesa:amd64 22.3.6-1+deb12u1
2024-04-08 20:32:31 status unpacked libglapi-mesa:amd64 22.3.6-1+deb12u1
2024-04-08 20:32:31 install libx11-xcb1:amd64 <none> 2:1.8.4-2+deb12u2
2024-04-08 20:32:31 status half-installed libx11-xcb1:amd64 2:1.8.4-2+deb12u2
2024-04-08 20:32:31 status unpacked libx11-xcb1:amd64 2:1.8.4-2+deb12u2
2024-04-08 20:32:32 install libxcb-dri2-0:amd64 <none> 1.15-1
2024-04-08 20:32:32 status half-installed libxcb-dri2-0:amd64 1.15-1
2024-04-08 20:32:32 status unpacked libxcb-dri2-0:amd64 1.15-1
2024-04-08 20:32:32 install libxcb-dri3-0:amd64 <none> 1.15-1
2024-04-08 20:32:32 status half-installed libxcb-dri3-0:amd64 1.15-1
2024-04-08 20:32:32 status unpacked libxcb-dri3-0:amd64 1.15-1
2024-04-08 20:32:32 install libxcb-glx0:amd64 <none> 1.15-1
2024-04-08 20:32:32 status half-installed libxcb-glx0:amd64 1.15-1
2024-04-08 20:32:32 status unpacked libxcb-glx0:amd64 1.15-1
2024-04-08 20:32:32 install libxcb-present0:amd64 <none> 1.15-1
2024-04-08 20:32:32 status half-installed libxcb-present0:amd64 1.15-1
2024-04-08 20:32:32 status unpacked libxcb-present0:amd64 1.15-1
2024-04-08 20:32:32 install libxcb-randr0:amd64 <none> 1.15-1
2024-04-08 20:32:32 status half-installed libxcb-randr0:amd64 1.15-1
2024-04-08 20:32:32 status unpacked libxcb-randr0:amd64 1.15-1
2024-04-08 20:32:33 install libxcb-shm0:amd64 <none> 1.15-1
2024-04-08 20:32:33 status half-installed libxcb-shm0:amd64 1.15-1
2024-04-08 20:32:33 status unpacked libxcb-shm0:amd64 1.15-1
2024-04-08 20:32:33 install libxcb-sync1:amd64 <none> 1.15-1
2024-04-08 20:32:33 status half-installed libxcb-sync1:amd64 1.15-1
2024-04-08 20:32:33 status unpacked libxcb-sync1:amd64 1.15-1
2024-04-08 20:32:33 install libxcb-xfixes0:amd64 <none> 1.15-1
2024-04-08 20:32:33 status half-installed libxcb-xfixes0:amd64 1.15-1
2024-04-08 20:32:33 status unpacked libxcb-xfixes0:amd64 1.15-1
2024-04-08 20:32:33 install libxext6:amd64 <none> 2:1.3.4-1+b1
2024-04-08 20:32:33 status half-installed libxext6:amd64 2:1.3.4-1+b1
2024-04-08 20:32:33 status unpacked libxext6:amd64 2:1.3.4-1+b1
2024-04-08 20:32:33 install libxfixes3:amd64 <none> 1:6.0.0-2
2024-04-08 20:32:33 status half-installed libxfixes3:amd64 1:6.0.0-2
2024-04-08 20:32:33 status unpacked libxfixes3:amd64 1:6.0.0-2
2024-04-08 20:32:34 install libxshmfence1:amd64 <none> 1.3-1
2024-04-08 20:32:34 status half-installed libxshmfence1:amd64 1.3-1
2024-04-08 20:32:34 status unpacked libxshmfence1:amd64 1.3-1
2024-04-08 20:32:34 install libxxf86vm1:amd64 <none> 1:1.1.4-1+b2
2024-04-08 20:32:34 status half-installed libxxf86vm1:amd64 1:1.1.4-1+b2
2024-04-08 20:32:34 status unpacked libxxf86vm1:amd64 1:1.1.4-1+b2
2024-04-08 20:32:34 install libdrm-amdgpu1:amd64 <none> 2.4.114-1+b1
2024-04-08 20:32:34 status half-installed libdrm-amdgpu1:amd64 2.4.114-1+b1
2024-04-08 20:32:34 status unpacked libdrm-amdgpu1:amd64 2.4.114-1+b1
2024-04-08 20:32:34 install libpciaccess0:amd64 <none> 0.17-2
2024-04-08 20:32:34 status half-installed libpciaccess0:amd64 0.17-2
2024-04-08 20:32:34 status unpacked libpciaccess0:amd64 0.17-2
2024-04-08 20:32:34 install libdrm-intel1:amd64 <none> 2.4.114-1+b1
2024-04-08 20:32:34 status half-installed libdrm-intel1:amd64 2.4.114-1+b1
2024-04-08 20:32:35 status unpacked libdrm-intel1:amd64 2.4.114-1+b1
2024-04-08 20:32:35 install libdrm-nouveau2:amd64 <none> 2.4.114-1+b1
2024-04-08 20:32:35 status half-installed libdrm-nouveau2:amd64 2.4.114-1+b1
2024-04-08 20:32:35 status unpacked libdrm-nouveau2:amd64 2.4.114-1+b1
2024-04-08 20:32:35 install libdrm-radeon1:amd64 <none> 2.4.114-1+b1
2024-04-08 20:32:35 status half-installed libdrm-radeon1:amd64 2.4.114-1+b1
2024-04-08 20:32:35 status unpacked libdrm-radeon1:amd64 2.4.114-1+b1
2024-04-08 20:32:35 install libelf1:amd64 <none> 0.188-2.1
2024-04-08 20:32:35 status half-installed libelf1:amd64 0.188-2.1
2024-04-08 20:32:35 status unpacked libelf1:amd64 0.188-2.1
2024-04-08 20:32:35 install libedit2:amd64 <none> 3.1-20221030-2
2024-04-08 20:32:35 status half-installed libedit2:amd64 3.1-20221030-2
2024-04-08 20:32:35 status unpacked libedit2:amd64 3.1-20221030-2
2024-04-08 20:32:36 install libicu72:amd64 <none> 72.1-3
2024-04-08 20:32:36 status half-installed libicu72:amd64 72.1-3
2024-04-08 20:32:36 status unpacked libicu72:amd64 72.1-3
2024-04-08 20:32:36 install libxml2:amd64 <none> 2.9.14+dfsg-1.3~deb12u1
2024-04-08 20:32:36 status half-installed libxml2:amd64 2.9.14+dfsg-1.3~deb12u1
2024-04-08 20:32:36 status unpacked libxml2:amd64 2.9.14+dfsg-1.3~deb12u1
2024-04-08 20:32:37 install libz3-4:amd64 <none> 4.8.12-3.1
2024-04-08 20:32:37 status half-installed libz3-4:amd64 4.8.12-3.1
2024-04-08 20:32:37 status unpacked libz3-4:amd64 4.8.12-3.1
2024-04-08 20:32:37 install libllvm15:amd64 <none> 1:15.0.6-4+b1
2024-04-08 20:32:37 status half-installed libllvm15:amd64 1:15.0.6-4+b1
2024-04-08 20:32:39 status unpacked libllvm15:amd64 1:15.0.6-4+b1
2024-04-08 20:32:39 install libsensors-config:all <none> 1:3.6.0-7.1
2024-04-08 20:32:39 status half-installed libsensors-config:all 1:3.6.0-7.1
2024-04-08 20:32:39 status unpacked libsensors-config:all 1:3.6.0-7.1
2024-04-08 20:32:39 install libsensors5:amd64 <none> 1:3.6.0-7.1
2024-04-08 20:32:39 status half-installed libsensors5:amd64 1:3.6.0-7.1
2024-04-08 20:32:39 status unpacked libsensors5:amd64 1:3.6.0-7.1
2024-04-08 20:32:39 install libgl1-mesa-dri:amd64 <none> 22.3.6-1+deb12u1
2024-04-08 20:32:39 status half-installed libgl1-mesa-dri:amd64 22.3.6-1+deb12u1
2024-04-08 20:32:40 status unpacked libgl1-mesa-dri:amd64 22.3.6-1+deb12u1
2024-04-08 20:32:40 install libglx-mesa0:amd64 <none> 22.3.6-1+deb12u1
2024-04-08 20:32:40 status half-installed libglx-mesa0:amd64 22.3.6-1+deb12u1
2024-04-08 20:32:40 status unpacked libglx-mesa0:amd64 22.3.6-1+deb12u1
2024-04-08 20:32:40 install libglx0:amd64 <none> 1.6.0-1
2024-04-08 20:32:40 status half-installed libglx0:amd64 1.6.0-1
2024-04-08 20:32:40 status unpacked libglx0:amd64 1.6.0-1
2024-04-08 20:32:41 install libgl1:amd64 <none> 1.6.0-1
2024-04-08 20:32:41 status half-installed libgl1:amd64 1.6.0-1
2024-04-08 20:32:41 status unpacked libgl1:amd64 1.6.0-1
2024-04-08 20:32:41 install libgomp1:amd64 <none> 12.2.0-14
2024-04-08 20:32:41 status half-installed libgomp1:amd64 12.2.0-14
2024-04-08 20:32:41 status unpacked libgomp1:amd64 12.2.0-14
2024-04-08 20:32:41 install libpixman-1-0:amd64 <none> 0.42.2-1
2024-04-08 20:32:41 status half-installed libpixman-1-0:amd64 0.42.2-1
2024-04-08 20:32:41 status unpacked libpixman-1-0:amd64 0.42.2-1
2024-04-08 20:32:41 install libssl3:amd64 <none> 3.0.11-1~deb12u2
2024-04-08 20:32:41 status half-installed libssl3:amd64 3.0.11-1~deb12u2
2024-04-08 20:32:41 status unpacked libssl3:amd64 3.0.11-1~deb12u2
2024-04-08 20:32:42 install libunwind8:amd64 <none> 1.6.2-3
2024-04-08 20:32:42 status half-installed libunwind8:amd64 1.6.2-3
2024-04-08 20:32:42 status unpacked libunwind8:amd64 1.6.2-3
2024-04-08 20:32:42 install libwebp7:amd64 <none> 1.2.4-0.2+deb12u1
2024-04-08 20:32:42 status half-installed libwebp7:amd64 1.2.4-0.2+deb12u1
2024-04-08 20:32:42 status unpacked libwebp7:amd64 1.2.4-0.2+deb12u1
2024-04-08 20:32:42 install libxrender1:amd64 <none> 1:0.9.10-1.1
2024-04-08 20:32:42 status half-installed libxrender1:amd64 1:0.9.10-1.1
2024-04-08 20:32:42 status unpacked libxrender1:amd64 1:0.9.10-1.1
2024-04-08 20:32:42 install libxcursor1:amd64 <none> 1:1.2.1-1
2024-04-08 20:32:42 status half-installed libxcursor1:amd64 1:1.2.1-1
2024-04-08 20:32:42 status unpacked libxcursor1:amd64 1:1.2.1-1
2024-04-08 20:32:42 install libfontenc1:amd64 <none> 1:1.1.4-1
2024-04-08 20:32:42 status half-installed libfontenc1:amd64 1:1.1.4-1
2024-04-08 20:32:42 status unpacked libfontenc1:amd64 1:1.1.4-1
2024-04-08 20:32:43 install libxfont2:amd64 <none> 1:2.0.6-1
2024-04-08 20:32:43 status half-installed libxfont2:amd64 1:2.0.6-1
2024-04-08 20:32:43 status unpacked libxfont2:amd64 1:2.0.6-1
2024-04-08 20:32:43 install libxrandr2:amd64 <none> 2:1.5.2-2+b1
2024-04-08 20:32:43 status half-installed libxrandr2:amd64 2:1.5.2-2+b1
2024-04-08 20:32:43 status unpacked libxrandr2:amd64 2:1.5.2-2+b1
2024-04-08 20:32:43 install x11-common:all <none> 1:7.7+23
2024-04-08 20:32:43 status half-installed x11-common:all 1:7.7+23
2024-04-08 20:32:43 status unpacked x11-common:all 1:7.7+23
2024-04-08 20:32:43 install libxtst6:amd64 <none> 2:1.2.3-1.1
2024-04-08 20:32:43 status half-installed libxtst6:amd64 2:1.2.3-1.1
2024-04-08 20:32:43 status unpacked libxtst6:amd64 2:1.2.3-1.1
2024-04-08 20:32:43 install openssl:amd64 <none> 3.0.11-1~deb12u2
2024-04-08 20:32:43 status half-installed openssl:amd64 3.0.11-1~deb12u2
2024-04-08 20:32:44 status unpacked openssl:amd64 3.0.11-1~deb12u2
2024-04-08 20:32:44 install ssl-cert:all <none> 1.1.2
2024-04-08 20:32:44 status half-installed ssl-cert:all 1.1.2
2024-04-08 20:32:44 status unpacked ssl-cert:all 1.1.2
2024-04-08 20:32:44 install libxmuu1:amd64 <none> 2:1.1.3-3
2024-04-08 20:32:44 status half-installed libxmuu1:amd64 2:1.1.3-3
2024-04-08 20:32:44 status unpacked libxmuu1:amd64 2:1.1.3-3
2024-04-08 20:32:44 install xauth:amd64 <none> 1:1.1.2-1
2024-04-08 20:32:44 status half-installed xauth:amd64 1:1.1.2-1
2024-04-08 20:32:44 status unpacked xauth:amd64 1:1.1.2-1
2024-04-08 20:32:44 install libice6:amd64 <none> 2:1.0.10-1
2024-04-08 20:32:44 status half-installed libice6:amd64 2:1.0.10-1
2024-04-08 20:32:44 status unpacked libice6:amd64 2:1.0.10-1
2024-04-08 20:32:45 install libsm6:amd64 <none> 2:1.2.3-1
2024-04-08 20:32:45 status half-installed libsm6:amd64 2:1.2.3-1
2024-04-08 20:32:45 status unpacked libsm6:amd64 2:1.2.3-1
2024-04-08 20:32:45 install libxt6:amd64 <none> 1:1.2.1-1.1
2024-04-08 20:32:45 status half-installed libxt6:amd64 1:1.2.1-1.1
2024-04-08 20:32:45 status unpacked libxt6:amd64 1:1.2.1-1.1
2024-04-08 20:32:45 install libxmu6:amd64 <none> 2:1.1.3-3
2024-04-08 20:32:45 status half-installed libxmu6:amd64 2:1.1.3-3
2024-04-08 20:32:45 status unpacked libxmu6:amd64 2:1.1.3-3
2024-04-08 20:32:45 install libxpm4:amd64 <none> 1:3.5.12-1.1+deb12u1
2024-04-08 20:32:45 status half-installed libxpm4:amd64 1:3.5.12-1.1+deb12u1
2024-04-08 20:32:45 status unpacked libxpm4:amd64 1:3.5.12-1.1+deb12u1
2024-04-08 20:32:45 install libxaw7:amd64 <none> 2:1.0.14-1
2024-04-08 20:32:45 status half-installed libxaw7:amd64 2:1.0.14-1
2024-04-08 20:32:45 status unpacked libxaw7:amd64 2:1.0.14-1
2024-04-08 20:32:46 install libxkbfile1:amd64 <none> 1:1.1.0-1
2024-04-08 20:32:46 status half-installed libxkbfile1:amd64 1:1.1.0-1
2024-04-08 20:32:46 status unpacked libxkbfile1:amd64 1:1.1.0-1
2024-04-08 20:32:46 install x11-xkb-utils:amd64 <none> 7.7+7
2024-04-08 20:32:46 status half-installed x11-xkb-utils:amd64 7.7+7
2024-04-08 20:32:46 status unpacked x11-xkb-utils:amd64 7.7+7
2024-04-08 20:32:46 install xkb-data:all <none> 2.35.1-1
2024-04-08 20:32:46 status half-installed xkb-data:all 2.35.1-1
2024-04-08 20:32:46 status unpacked xkb-data:all 2.35.1-1
2024-04-08 20:32:46 install libswitch-perl:all <none> 2.17-3
2024-04-08 20:32:46 status half-installed libswitch-perl:all 2.17-3
2024-04-08 20:32:46 status unpacked libswitch-perl:all 2.17-3
2024-04-08 20:32:46 install libyaml-tiny-perl:all <none> 1.73-1
2024-04-08 20:32:46 status half-installed libyaml-tiny-perl:all 1.73-1
2024-04-08 20:32:46 status unpacked libyaml-tiny-perl:all 1.73-1
2024-04-08 20:32:47 install libhash-merge-simple-perl:all <none> 0.051-3
2024-04-08 20:32:47 status half-installed libhash-merge-simple-perl:all 0.051-3
2024-04-08 20:32:47 status unpacked libhash-merge-simple-perl:all 0.051-3
2024-04-08 20:32:47 install libexporter-tiny-perl:all <none> 1.006000-1
2024-04-08 20:32:47 status half-installed libexporter-tiny-perl:all 1.006000-1
2024-04-08 20:32:47 status unpacked libexporter-tiny-perl:all 1.006000-1
2024-04-08 20:32:47 install liblist-moreutils-xs-perl:amd64 <none> 0.430-3+b1
2024-04-08 20:32:47 status half-installed liblist-moreutils-xs-perl:amd64 0.430-3+b1
2024-04-08 20:32:47 status unpacked liblist-moreutils-xs-perl:amd64 0.430-3+b1
2024-04-08 20:32:47 install liblist-moreutils-perl:all <none> 0.430-2
2024-04-08 20:32:47 status half-installed liblist-moreutils-perl:all 0.430-2
2024-04-08 20:32:47 status unpacked liblist-moreutils-perl:all 0.430-2
2024-04-08 20:32:47 install kasmvncserver:amd64 <none> 1.3.1-1
2024-04-08 20:32:47 status half-installed kasmvncserver:amd64 1.3.1-1
2024-04-08 20:32:48 status unpacked kasmvncserver:amd64 1.3.1-1
2024-04-08 20:32:48 startup packages configure
2024-04-08 20:32:48 configure libexpat1:amd64 2.5.0-1 <none>
2024-04-08 20:32:48 status unpacked libexpat1:amd64 2.5.0-1
2024-04-08 20:32:48 status half-configured libexpat1:amd64 2.5.0-1
2024-04-08 20:32:48 status installed libexpat1:amd64 2.5.0-1
2024-04-08 20:32:48 configure libpixman-1-0:amd64 0.42.2-1 <none>
2024-04-08 20:32:48 status unpacked libpixman-1-0:amd64 0.42.2-1
2024-04-08 20:32:48 status half-configured libpixman-1-0:amd64 0.42.2-1
2024-04-08 20:32:48 status installed libpixman-1-0:amd64 0.42.2-1
2024-04-08 20:32:48 configure libwayland-server0:amd64 1.21.0-1 <none>
2024-04-08 20:32:48 status unpacked libwayland-server0:amd64 1.21.0-1
2024-04-08 20:32:48 status half-configured libwayland-server0:amd64 1.21.0-1
2024-04-08 20:32:48 status installed libwayland-server0:amd64 1.21.0-1
2024-04-08 20:32:48 configure libpciaccess0:amd64 0.17-2 <none>
2024-04-08 20:32:48 status unpacked libpciaccess0:amd64 0.17-2
2024-04-08 20:32:48 status half-configured libpciaccess0:amd64 0.17-2
2024-04-08 20:32:48 status installed libpciaccess0:amd64 0.17-2
2024-04-08 20:32:48 configure libxau6:amd64 1:1.0.9-1 <none>
2024-04-08 20:32:48 status unpacked libxau6:amd64 1:1.0.9-1
2024-04-08 20:32:48 status half-configured libxau6:amd64 1:1.0.9-1
2024-04-08 20:32:48 status installed libxau6:amd64 1:1.0.9-1
2024-04-08 20:32:48 configure libicu72:amd64 72.1-3 <none>
2024-04-08 20:32:48 status unpacked libicu72:amd64 72.1-3
2024-04-08 20:32:48 status half-configured libicu72:amd64 72.1-3
2024-04-08 20:32:48 status installed libicu72:amd64 72.1-3
2024-04-08 20:32:48 configure libhash-merge-simple-perl:all 0.051-3 <none>
2024-04-08 20:32:48 status unpacked libhash-merge-simple-perl:all 0.051-3
2024-04-08 20:32:48 status half-configured libhash-merge-simple-perl:all 0.051-3
2024-04-08 20:32:48 status installed libhash-merge-simple-perl:all 0.051-3
2024-04-08 20:32:48 configure libglvnd0:amd64 1.6.0-1 <none>
2024-04-08 20:32:48 status unpacked libglvnd0:amd64 1.6.0-1
2024-04-08 20:32:48 status half-configured libglvnd0:amd64 1.6.0-1
2024-04-08 20:32:48 status installed libglvnd0:amd64 1.6.0-1
2024-04-08 20:32:48 configure libbrotli1:amd64 1.0.9-2+b6 <none>
2024-04-08 20:32:48 status unpacked libbrotli1:amd64 1.0.9-2+b6
2024-04-08 20:32:48 status half-configured libbrotli1:amd64 1.0.9-2+b6
2024-04-08 20:32:48 status installed libbrotli1:amd64 1.0.9-2+b6
2024-04-08 20:32:48 configure libssl3:amd64 3.0.11-1~deb12u2 <none>
2024-04-08 20:32:48 status unpacked libssl3:amd64 3.0.11-1~deb12u2
2024-04-08 20:32:49 status half-configured libssl3:amd64 3.0.11-1~deb12u2
2024-04-08 20:32:49 status installed libssl3:amd64 3.0.11-1~deb12u2
2024-04-08 20:32:49 configure x11-common:all 1:7.7+23 <none>
2024-04-08 20:32:49 status unpacked x11-common:all 1:7.7+23
2024-04-08 20:32:49 status half-configured x11-common:all 1:7.7+23
2024-04-08 20:32:49 status installed x11-common:all 1:7.7+23
2024-04-08 20:32:49 configure libsensors-config:all 1:3.6.0-7.1 <none>
2024-04-08 20:32:49 status unpacked libsensors-config:all 1:3.6.0-7.1
2024-04-08 20:32:49 status half-configured libsensors-config:all 1:3.6.0-7.1
2024-04-08 20:32:49 status installed libsensors-config:all 1:3.6.0-7.1
2024-04-08 20:32:49 configure xkb-data:all 2.35.1-1 <none>
2024-04-08 20:32:49 status unpacked xkb-data:all 2.35.1-1
2024-04-08 20:32:49 status half-configured xkb-data:all 2.35.1-1
2024-04-08 20:32:49 status installed xkb-data:all 2.35.1-1
2024-04-08 20:32:49 configure libgomp1:amd64 12.2.0-14 <none>
2024-04-08 20:32:49 status unpacked libgomp1:amd64 12.2.0-14
2024-04-08 20:32:49 status half-configured libgomp1:amd64 12.2.0-14
2024-04-08 20:32:49 status installed libgomp1:amd64 12.2.0-14
2024-04-08 20:32:49 configure libunwind8:amd64 1.6.2-3 <none>
2024-04-08 20:32:49 status unpacked libunwind8:amd64 1.6.2-3
2024-04-08 20:32:49 status half-configured libunwind8:amd64 1.6.2-3
2024-04-08 20:32:49 status installed libunwind8:amd64 1.6.2-3
2024-04-08 20:32:49 configure libyaml-tiny-perl:all 1.73-1 <none>
2024-04-08 20:32:49 status unpacked libyaml-tiny-perl:all 1.73-1
2024-04-08 20:32:50 status half-configured libyaml-tiny-perl:all 1.73-1
2024-04-08 20:32:50 status installed libyaml-tiny-perl:all 1.73-1
2024-04-08 20:32:50 configure libfontenc1:amd64 1:1.1.4-1 <none>
2024-04-08 20:32:50 status unpacked libfontenc1:amd64 1:1.1.4-1
2024-04-08 20:32:50 status half-configured libfontenc1:amd64 1:1.1.4-1
2024-04-08 20:32:50 status installed libfontenc1:amd64 1:1.1.4-1
2024-04-08 20:32:50 configure libz3-4:amd64 4.8.12-3.1 <none>
2024-04-08 20:32:50 status unpacked libz3-4:amd64 4.8.12-3.1
2024-04-08 20:32:50 status half-configured libz3-4:amd64 4.8.12-3.1
2024-04-08 20:32:50 status installed libz3-4:amd64 4.8.12-3.1
2024-04-08 20:32:50 configure libswitch-perl:all 2.17-3 <none>
2024-04-08 20:32:50 status unpacked libswitch-perl:all 2.17-3
2024-04-08 20:32:50 status half-configured libswitch-perl:all 2.17-3
2024-04-08 20:32:50 status installed libswitch-perl:all 2.17-3
2024-04-08 20:32:50 configure libx11-data:all 2:1.8.4-2+deb12u2 <none>
2024-04-08 20:32:50 status unpacked libx11-data:all 2:1.8.4-2+deb12u2
2024-04-08 20:32:50 status half-configured libx11-data:all 2:1.8.4-2+deb12u2
2024-04-08 20:32:50 status installed libx11-data:all 2:1.8.4-2+deb12u2
2024-04-08 20:32:50 configure libproc2-0:amd64 2:4.0.2-3 <none>
2024-04-08 20:32:50 status unpacked libproc2-0:amd64 2:4.0.2-3
2024-04-08 20:32:50 status half-configured libproc2-0:amd64 2:4.0.2-3
2024-04-08 20:32:50 status installed libproc2-0:amd64 2:4.0.2-3
2024-04-08 20:32:50 configure libpng16-16:amd64 1.6.39-2 <none>
2024-04-08 20:32:50 status unpacked libpng16-16:amd64 1.6.39-2
2024-04-08 20:32:50 status half-configured libpng16-16:amd64 1.6.39-2
2024-04-08 20:32:50 status installed libpng16-16:amd64 1.6.39-2
2024-04-08 20:32:50 configure liblist-moreutils-xs-perl:amd64 0.430-3+b1 <none>
2024-04-08 20:32:50 status unpacked liblist-moreutils-xs-perl:amd64 0.430-3+b1
2024-04-08 20:32:50 status half-configured liblist-moreutils-xs-perl:amd64 0.430-3+b1
2024-04-08 20:32:50 status installed liblist-moreutils-xs-perl:amd64 0.430-3+b1
2024-04-08 20:32:50 configure libsensors5:amd64 1:3.6.0-7.1 <none>
2024-04-08 20:32:50 status unpacked libsensors5:amd64 1:3.6.0-7.1
2024-04-08 20:32:50 status half-configured libsensors5:amd64 1:3.6.0-7.1
2024-04-08 20:32:50 status installed libsensors5:amd64 1:3.6.0-7.1
2024-04-08 20:32:50 configure libncursesw6:amd64 6.4-4 <none>
2024-04-08 20:32:50 status unpacked libncursesw6:amd64 6.4-4
2024-04-08 20:32:50 status half-configured libncursesw6:amd64 6.4-4
2024-04-08 20:32:50 status installed libncursesw6:amd64 6.4-4
2024-04-08 20:32:50 configure libglapi-mesa:amd64 22.3.6-1+deb12u1 <none>
2024-04-08 20:32:50 status unpacked libglapi-mesa:amd64 22.3.6-1+deb12u1
2024-04-08 20:32:50 status half-configured libglapi-mesa:amd64 22.3.6-1+deb12u1
2024-04-08 20:32:50 status installed libglapi-mesa:amd64 22.3.6-1+deb12u1
2024-04-08 20:32:50 configure libwebp7:amd64 1.2.4-0.2+deb12u1 <none>
2024-04-08 20:32:50 status unpacked libwebp7:amd64 1.2.4-0.2+deb12u1
2024-04-08 20:32:50 status half-configured libwebp7:amd64 1.2.4-0.2+deb12u1
2024-04-08 20:32:50 status installed libwebp7:amd64 1.2.4-0.2+deb12u1
2024-04-08 20:32:50 configure libxshmfence1:amd64 1.3-1 <none>
2024-04-08 20:32:50 status unpacked libxshmfence1:amd64 1.3-1
2024-04-08 20:32:50 status half-configured libxshmfence1:amd64 1.3-1
2024-04-08 20:32:50 status installed libxshmfence1:amd64 1.3-1
2024-04-08 20:32:50 configure procps:amd64 2:4.0.2-3 <none>
2024-04-08 20:32:50 status unpacked procps:amd64 2:4.0.2-3
2024-04-08 20:32:51 status half-configured procps:amd64 2:4.0.2-3
2024-04-08 20:32:51 status installed procps:amd64 2:4.0.2-3
2024-04-08 20:32:51 configure libexporter-tiny-perl:all 1.006000-1 <none>
2024-04-08 20:32:51 status unpacked libexporter-tiny-perl:all 1.006000-1
2024-04-08 20:32:51 status half-configured libexporter-tiny-perl:all 1.006000-1
2024-04-08 20:32:51 status installed libexporter-tiny-perl:all 1.006000-1
2024-04-08 20:32:51 configure openssl:amd64 3.0.11-1~deb12u2 <none>
2024-04-08 20:32:51 status unpacked openssl:amd64 3.0.11-1~deb12u2
2024-04-08 20:32:51 status half-configured openssl:amd64 3.0.11-1~deb12u2
2024-04-08 20:32:51 status installed openssl:amd64 3.0.11-1~deb12u2
2024-04-08 20:32:51 configure libbsd0:amd64 0.11.7-2 <none>
2024-04-08 20:32:51 status unpacked libbsd0:amd64 0.11.7-2
2024-04-08 20:32:51 status half-configured libbsd0:amd64 0.11.7-2
2024-04-08 20:32:51 status installed libbsd0:amd64 0.11.7-2
2024-04-08 20:32:51 configure libdrm-common:all 2.4.114-1 <none>
2024-04-08 20:32:51 status unpacked libdrm-common:all 2.4.114-1
2024-04-08 20:32:51 status half-configured libdrm-common:all 2.4.114-1
2024-04-08 20:32:51 status installed libdrm-common:all 2.4.114-1
2024-04-08 20:32:51 configure libelf1:amd64 0.188-2.1 <none>
2024-04-08 20:32:51 status unpacked libelf1:amd64 0.188-2.1
2024-04-08 20:32:51 status half-configured libelf1:amd64 0.188-2.1
2024-04-08 20:32:51 status installed libelf1:amd64 0.188-2.1
2024-04-08 20:32:51 configure libxml2:amd64 2.9.14+dfsg-1.3~deb12u1 <none>
2024-04-08 20:32:51 status unpacked libxml2:amd64 2.9.14+dfsg-1.3~deb12u1
2024-04-08 20:32:51 status half-configured libxml2:amd64 2.9.14+dfsg-1.3~deb12u1
2024-04-08 20:32:51 status installed libxml2:amd64 2.9.14+dfsg-1.3~deb12u1
2024-04-08 20:32:51 configure libice6:amd64 2:1.0.10-1 <none>
2024-04-08 20:32:51 status unpacked libice6:amd64 2:1.0.10-1
2024-04-08 20:32:51 status half-configured libice6:amd64 2:1.0.10-1
2024-04-08 20:32:51 status installed libice6:amd64 2:1.0.10-1
2024-04-08 20:32:51 configure libxdmcp6:amd64 1:1.1.2-3 <none>
2024-04-08 20:32:51 status unpacked libxdmcp6:amd64 1:1.1.2-3
2024-04-08 20:32:51 status half-configured libxdmcp6:amd64 1:1.1.2-3
2024-04-08 20:32:51 status installed libxdmcp6:amd64 1:1.1.2-3
2024-04-08 20:32:51 configure libxcb1:amd64 1.15-1 <none>
2024-04-08 20:32:51 status unpacked libxcb1:amd64 1.15-1
2024-04-08 20:32:51 status half-configured libxcb1:amd64 1.15-1
2024-04-08 20:32:51 status installed libxcb1:amd64 1.15-1
2024-04-08 20:32:51 configure libxcb-xfixes0:amd64 1.15-1 <none>
2024-04-08 20:32:51 status unpacked libxcb-xfixes0:amd64 1.15-1
2024-04-08 20:32:51 status half-configured libxcb-xfixes0:amd64 1.15-1
2024-04-08 20:32:51 status installed libxcb-xfixes0:amd64 1.15-1
2024-04-08 20:32:51 configure liblist-moreutils-perl:all 0.430-2 <none>
2024-04-08 20:32:51 status unpacked liblist-moreutils-perl:all 0.430-2
2024-04-08 20:32:51 status half-configured liblist-moreutils-perl:all 0.430-2
2024-04-08 20:32:51 status installed liblist-moreutils-perl:all 0.430-2
2024-04-08 20:32:52 configure libxcb-glx0:amd64 1.15-1 <none>
2024-04-08 20:32:52 status unpacked libxcb-glx0:amd64 1.15-1
2024-04-08 20:32:52 status half-configured libxcb-glx0:amd64 1.15-1
2024-04-08 20:32:52 status installed libxcb-glx0:amd64 1.15-1
2024-04-08 20:32:52 configure libedit2:amd64 3.1-20221030-2 <none>
2024-04-08 20:32:52 status unpacked libedit2:amd64 3.1-20221030-2
2024-04-08 20:32:52 status half-configured libedit2:amd64 3.1-20221030-2
2024-04-08 20:32:52 status installed libedit2:amd64 3.1-20221030-2
2024-04-08 20:32:52 configure libxcb-shm0:amd64 1.15-1 <none>
2024-04-08 20:32:52 status unpacked libxcb-shm0:amd64 1.15-1
2024-04-08 20:32:52 status half-configured libxcb-shm0:amd64 1.15-1
2024-04-08 20:32:52 status installed libxcb-shm0:amd64 1.15-1
2024-04-08 20:32:52 configure libxcb-present0:amd64 1.15-1 <none>
2024-04-08 20:32:52 status unpacked libxcb-present0:amd64 1.15-1
2024-04-08 20:32:52 status half-configured libxcb-present0:amd64 1.15-1
2024-04-08 20:32:52 status installed libxcb-present0:amd64 1.15-1
2024-04-08 20:32:52 configure libfreetype6:amd64 2.12.1+dfsg-5 <none>
2024-04-08 20:32:52 status unpacked libfreetype6:amd64 2.12.1+dfsg-5
2024-04-08 20:32:52 status half-configured libfreetype6:amd64 2.12.1+dfsg-5
2024-04-08 20:32:52 status installed libfreetype6:amd64 2.12.1+dfsg-5
2024-04-08 20:32:52 configure ssl-cert:all 1.1.2 <none>
2024-04-08 20:32:52 status unpacked ssl-cert:all 1.1.2
2024-04-08 20:32:52 status half-configured ssl-cert:all 1.1.2
2024-04-08 20:32:52 status installed ssl-cert:all 1.1.2
2024-04-08 20:32:52 configure libxcb-sync1:amd64 1.15-1 <none>
2024-04-08 20:32:52 status unpacked libxcb-sync1:amd64 1.15-1
2024-04-08 20:32:52 status half-configured libxcb-sync1:amd64 1.15-1
2024-04-08 20:32:53 status installed libxcb-sync1:amd64 1.15-1
2024-04-08 20:32:53 configure libxcb-dri2-0:amd64 1.15-1 <none>
2024-04-08 20:32:53 status unpacked libxcb-dri2-0:amd64 1.15-1
2024-04-08 20:32:53 status half-configured libxcb-dri2-0:amd64 1.15-1
2024-04-08 20:32:53 status installed libxcb-dri2-0:amd64 1.15-1
2024-04-08 20:32:53 configure libdrm2:amd64 2.4.114-1+b1 <none>
2024-04-08 20:32:53 status unpacked libdrm2:amd64 2.4.114-1+b1
2024-04-08 20:32:53 status half-configured libdrm2:amd64 2.4.114-1+b1
2024-04-08 20:32:53 status installed libdrm2:amd64 2.4.114-1+b1
2024-04-08 20:32:53 configure libxcb-randr0:amd64 1.15-1 <none>
2024-04-08 20:32:53 status unpacked libxcb-randr0:amd64 1.15-1
2024-04-08 20:32:53 status half-configured libxcb-randr0:amd64 1.15-1
2024-04-08 20:32:53 status installed libxcb-randr0:amd64 1.15-1
2024-04-08 20:32:53 configure libllvm15:amd64 1:15.0.6-4+b1 <none>
2024-04-08 20:32:53 status unpacked libllvm15:amd64 1:15.0.6-4+b1
2024-04-08 20:32:53 status half-configured libllvm15:amd64 1:15.0.6-4+b1
2024-04-08 20:32:53 status installed libllvm15:amd64 1:15.0.6-4+b1
2024-04-08 20:32:53 configure libx11-6:amd64 2:1.8.4-2+deb12u2 <none>
2024-04-08 20:32:53 status unpacked libx11-6:amd64 2:1.8.4-2+deb12u2
2024-04-08 20:32:53 status half-configured libx11-6:amd64 2:1.8.4-2+deb12u2
2024-04-08 20:32:53 status installed libx11-6:amd64 2:1.8.4-2+deb12u2
2024-04-08 20:32:53 configure libxkbfile1:amd64 1:1.1.0-1 <none>
2024-04-08 20:32:53 status unpacked libxkbfile1:amd64 1:1.1.0-1
2024-04-08 20:32:53 status half-configured libxkbfile1:amd64 1:1.1.0-1
2024-04-08 20:32:53 status installed libxkbfile1:amd64 1:1.1.0-1
2024-04-08 20:32:53 configure libsm6:amd64 2:1.2.3-1 <none>
2024-04-08 20:32:53 status unpacked libsm6:amd64 2:1.2.3-1
2024-04-08 20:32:53 status half-configured libsm6:amd64 2:1.2.3-1
2024-04-08 20:32:53 status installed libsm6:amd64 2:1.2.3-1
2024-04-08 20:32:53 configure libxfont2:amd64 1:2.0.6-1 <none>
2024-04-08 20:32:53 status unpacked libxfont2:amd64 1:2.0.6-1
2024-04-08 20:32:53 status half-configured libxfont2:amd64 1:2.0.6-1
2024-04-08 20:32:53 status installed libxfont2:amd64 1:2.0.6-1
2024-04-08 20:32:53 configure libxmuu1:amd64 2:1.1.3-3 <none>
2024-04-08 20:32:53 status unpacked libxmuu1:amd64 2:1.1.3-3
2024-04-08 20:32:53 status half-configured libxmuu1:amd64 2:1.1.3-3
2024-04-08 20:32:53 status installed libxmuu1:amd64 2:1.1.3-3
2024-04-08 20:32:53 configure libdrm-amdgpu1:amd64 2.4.114-1+b1 <none>
2024-04-08 20:32:53 status unpacked libdrm-amdgpu1:amd64 2.4.114-1+b1
2024-04-08 20:32:53 status half-configured libdrm-amdgpu1:amd64 2.4.114-1+b1
2024-04-08 20:32:53 status installed libdrm-amdgpu1:amd64 2.4.114-1+b1
2024-04-08 20:32:53 configure libxcb-dri3-0:amd64 1.15-1 <none>
2024-04-08 20:32:53 status unpacked libxcb-dri3-0:amd64 1.15-1
2024-04-08 20:32:53 status half-configured libxcb-dri3-0:amd64 1.15-1
2024-04-08 20:32:53 status installed libxcb-dri3-0:amd64 1.15-1
2024-04-08 20:32:54 configure libx11-xcb1:amd64 2:1.8.4-2+deb12u2 <none>
2024-04-08 20:32:54 status unpacked libx11-xcb1:amd64 2:1.8.4-2+deb12u2
2024-04-08 20:32:54 status half-configured libx11-xcb1:amd64 2:1.8.4-2+deb12u2
2024-04-08 20:32:54 status installed libx11-xcb1:amd64 2:1.8.4-2+deb12u2
2024-04-08 20:32:54 configure libdrm-nouveau2:amd64 2.4.114-1+b1 <none>
2024-04-08 20:32:54 status unpacked libdrm-nouveau2:amd64 2.4.114-1+b1
2024-04-08 20:32:54 status half-configured libdrm-nouveau2:amd64 2.4.114-1+b1
2024-04-08 20:32:54 status installed libdrm-nouveau2:amd64 2.4.114-1+b1
2024-04-08 20:32:54 configure libxpm4:amd64 1:3.5.12-1.1+deb12u1 <none>
2024-04-08 20:32:54 status unpacked libxpm4:amd64 1:3.5.12-1.1+deb12u1
2024-04-08 20:32:54 status half-configured libxpm4:amd64 1:3.5.12-1.1+deb12u1
2024-04-08 20:32:54 status installed libxpm4:amd64 1:3.5.12-1.1+deb12u1
2024-04-08 20:32:54 configure libxrender1:amd64 1:0.9.10-1.1 <none>
2024-04-08 20:32:54 status unpacked libxrender1:amd64 1:0.9.10-1.1
2024-04-08 20:32:54 status half-configured libxrender1:amd64 1:0.9.10-1.1
2024-04-08 20:32:54 status installed libxrender1:amd64 1:0.9.10-1.1
2024-04-08 20:32:54 configure libgbm1:amd64 22.3.6-1+deb12u1 <none>
2024-04-08 20:32:54 status unpacked libgbm1:amd64 22.3.6-1+deb12u1
2024-04-08 20:32:54 status half-configured libgbm1:amd64 22.3.6-1+deb12u1
2024-04-08 20:32:54 status installed libgbm1:amd64 22.3.6-1+deb12u1
2024-04-08 20:32:54 configure libdrm-radeon1:amd64 2.4.114-1+b1 <none>
2024-04-08 20:32:54 status unpacked libdrm-radeon1:amd64 2.4.114-1+b1
2024-04-08 20:32:54 status half-configured libdrm-radeon1:amd64 2.4.114-1+b1
2024-04-08 20:32:54 status installed libdrm-radeon1:amd64 2.4.114-1+b1
2024-04-08 20:32:54 configure libdrm-intel1:amd64 2.4.114-1+b1 <none>
2024-04-08 20:32:54 status unpacked libdrm-intel1:amd64 2.4.114-1+b1
2024-04-08 20:32:54 status half-configured libdrm-intel1:amd64 2.4.114-1+b1
2024-04-08 20:32:54 status installed libdrm-intel1:amd64 2.4.114-1+b1
2024-04-08 20:32:54 configure libgl1-mesa-dri:amd64 22.3.6-1+deb12u1 <none>
2024-04-08 20:32:54 status unpacked libgl1-mesa-dri:amd64 22.3.6-1+deb12u1
2024-04-08 20:32:54 status half-configured libgl1-mesa-dri:amd64 22.3.6-1+deb12u1
2024-04-08 20:32:54 status installed libgl1-mesa-dri:amd64 22.3.6-1+deb12u1
2024-04-08 20:32:54 configure libxext6:amd64 2:1.3.4-1+b1 <none>
2024-04-08 20:32:54 status unpacked libxext6:amd64 2:1.3.4-1+b1
2024-04-08 20:32:54 status half-configured libxext6:amd64 2:1.3.4-1+b1
2024-04-08 20:32:54 status installed libxext6:amd64 2:1.3.4-1+b1
2024-04-08 20:32:54 configure libxxf86vm1:amd64 1:1.1.4-1+b2 <none>
2024-04-08 20:32:54 status unpacked libxxf86vm1:amd64 1:1.1.4-1+b2
2024-04-08 20:32:54 status half-configured libxxf86vm1:amd64 1:1.1.4-1+b2
2024-04-08 20:32:54 status installed libxxf86vm1:amd64 1:1.1.4-1+b2
2024-04-08 20:32:54 configure libxfixes3:amd64 1:6.0.0-2 <none>
2024-04-08 20:32:54 status unpacked libxfixes3:amd64 1:6.0.0-2
2024-04-08 20:32:54 status half-configured libxfixes3:amd64 1:6.0.0-2
2024-04-08 20:32:54 status installed libxfixes3:amd64 1:6.0.0-2
2024-04-08 20:32:54 configure libxrandr2:amd64 2:1.5.2-2+b1 <none>
2024-04-08 20:32:54 status unpacked libxrandr2:amd64 2:1.5.2-2+b1
2024-04-08 20:32:54 status half-configured libxrandr2:amd64 2:1.5.2-2+b1
2024-04-08 20:32:54 status installed libxrandr2:amd64 2:1.5.2-2+b1
2024-04-08 20:32:54 configure libxt6:amd64 1:1.2.1-1.1 <none>
2024-04-08 20:32:54 status unpacked libxt6:amd64 1:1.2.1-1.1
2024-04-08 20:32:54 status half-configured libxt6:amd64 1:1.2.1-1.1
2024-04-08 20:32:54 status installed libxt6:amd64 1:1.2.1-1.1
2024-04-08 20:32:54 configure xauth:amd64 1:1.1.2-1 <none>
2024-04-08 20:32:54 status unpacked xauth:amd64 1:1.1.2-1
2024-04-08 20:32:54 status half-configured xauth:amd64 1:1.1.2-1
2024-04-08 20:32:55 status installed xauth:amd64 1:1.1.2-1
2024-04-08 20:32:55 configure libxmu6:amd64 2:1.1.3-3 <none>
2024-04-08 20:32:55 status unpacked libxmu6:amd64 2:1.1.3-3
2024-04-08 20:32:55 status half-configured libxmu6:amd64 2:1.1.3-3
2024-04-08 20:32:55 status installed libxmu6:amd64 2:1.1.3-3
2024-04-08 20:32:55 configure libglx-mesa0:amd64 22.3.6-1+deb12u1 <none>
2024-04-08 20:32:55 status unpacked libglx-mesa0:amd64 22.3.6-1+deb12u1
2024-04-08 20:32:55 status half-configured libglx-mesa0:amd64 22.3.6-1+deb12u1
2024-04-08 20:32:55 status installed libglx-mesa0:amd64 22.3.6-1+deb12u1
2024-04-08 20:32:55 configure libglx0:amd64 1.6.0-1 <none>
2024-04-08 20:32:55 status unpacked libglx0:amd64 1.6.0-1
2024-04-08 20:32:55 status half-configured libglx0:amd64 1.6.0-1
2024-04-08 20:32:55 status installed libglx0:amd64 1.6.0-1
2024-04-08 20:32:55 configure libxtst6:amd64 2:1.2.3-1.1 <none>
2024-04-08 20:32:55 status unpacked libxtst6:amd64 2:1.2.3-1.1
2024-04-08 20:32:55 status half-configured libxtst6:amd64 2:1.2.3-1.1
2024-04-08 20:32:55 status installed libxtst6:amd64 2:1.2.3-1.1
2024-04-08 20:32:55 configure libxcursor1:amd64 1:1.2.1-1 <none>
2024-04-08 20:32:55 status unpacked libxcursor1:amd64 1:1.2.1-1
2024-04-08 20:32:55 status half-configured libxcursor1:amd64 1:1.2.1-1
2024-04-08 20:32:55 status installed libxcursor1:amd64 1:1.2.1-1
2024-04-08 20:32:55 configure libxaw7:amd64 2:1.0.14-1 <none>
2024-04-08 20:32:55 status unpacked libxaw7:amd64 2:1.0.14-1
2024-04-08 20:32:55 status half-configured libxaw7:amd64 2:1.0.14-1
2024-04-08 20:32:55 status installed libxaw7:amd64 2:1.0.14-1
2024-04-08 20:32:55 configure libgl1:amd64 1.6.0-1 <none>
2024-04-08 20:32:55 status unpacked libgl1:amd64 1.6.0-1
2024-04-08 20:32:55 status half-configured libgl1:amd64 1.6.0-1
2024-04-08 20:32:55 status installed libgl1:amd64 1.6.0-1
2024-04-08 20:32:55 configure x11-xkb-utils:amd64 7.7+7 <none>
2024-04-08 20:32:55 status unpacked x11-xkb-utils:amd64 7.7+7
2024-04-08 20:32:55 status half-configured x11-xkb-utils:amd64 7.7+7
2024-04-08 20:32:55 status installed x11-xkb-utils:amd64 7.7+7
2024-04-08 20:32:55 configure kasmvncserver:amd64 1.3.1-1 <none>
2024-04-08 20:32:55 status unpacked kasmvncserver:amd64 1.3.1-1
2024-04-08 20:32:55 status half-configured kasmvncserver:amd64 1.3.1-1
2024-04-08 20:32:55 status installed kasmvncserver:amd64 1.3.1-1
2024-04-08 20:32:55 trigproc libc-bin:amd64 2.36-9+deb12u4 <none>
2024-04-08 20:32:55 status half-configured libc-bin:amd64 2.36-9+deb12u4
2024-04-08 20:32:56 status installed libc-bin:amd64 2.36-9+deb12u4
