update-alternatives 2024-02-27 15:59:34: run with --install /usr/bin/awk awk /usr/bin/mawk 5 --slave /usr/share/man/man1/awk.1.gz awk.1.gz /usr/share/man/man1/mawk.1.gz --slave /usr/bin/nawk nawk /usr/bin/mawk --slave /usr/share/man/man1/nawk.1.gz nawk.1.gz /usr/share/man/man1/mawk.1.gz
update-alternatives 2024-02-27 15:59:34: link group awk updated to point to /usr/bin/mawk
update-alternatives 2024-02-27 15:59:37: run with --install /usr/bin/which which /usr/bin/which.debianutils 0 --slave /usr/share/man/man1/which.1.gz which.1.gz /usr/share/man/man1/which.debianutils.1.gz --slave /usr/share/man/de/man1/which.1.gz which.de1.gz /usr/share/man/de/man1/which.debianutils.1.gz --slave /usr/share/man/es/man1/which.1.gz which.es1.gz /usr/share/man/es/man1/which.debianutils.1.gz --slave /usr/share/man/fr/man1/which.1.gz which.fr1.gz /usr/share/man/fr/man1/which.debianutils.1.gz --slave /usr/share/man/it/man1/which.1.gz which.it1.gz /usr/share/man/it/man1/which.debianutils.1.gz --slave /usr/share/man/ja/man1/which.1.gz which.ja1.gz /usr/share/man/ja/man1/which.debianutils.1.gz --slave /usr/share/man/pl/man1/which.1.gz which.pl1.gz /usr/share/man/pl/man1/which.debianutils.1.gz --slave /usr/share/man/sl/man1/which.1.gz which.sl1.gz /usr/share/man/sl/man1/which.debianutils.1.gz
update-alternatives 2024-02-27 15:59:37: link group which updated to point to /usr/bin/which.debianutils
update-alternatives 2024-02-27 15:59:37: run with --install /usr/bin/awk awk /usr/bin/mawk 5 --slave /usr/share/man/man1/awk.1.gz awk.1.gz /usr/share/man/man1/mawk.1.gz --slave /usr/bin/nawk nawk /usr/bin/mawk --slave /usr/share/man/man1/nawk.1.gz nawk.1.gz /usr/share/man/man1/mawk.1.gz
update-alternatives 2024-02-27 15:59:37: run with --install /usr/share/man/man7/builtins.7.gz builtins.7.gz /usr/share/man/man7/bash-builtins.7.gz 10
update-alternatives 2024-02-27 15:59:37: link group builtins.7.gz updated to point to /usr/share/man/man7/bash-builtins.7.gz
update-alternatives 2024-02-27 15:59:38: run with --install /usr/sbin/rmt rmt /usr/sbin/rmt-tar 50 --slave /usr/share/man/man8/rmt.8.gz rmt.8.gz /usr/share/man/man8/rmt-tar.8.gz
update-alternatives 2024-02-27 15:59:38: link group rmt updated to point to /usr/sbin/rmt-tar
update-alternatives 2024-02-27 15:59:38: run with --install /usr/bin/pager pager /bin/more 50 --slave /usr/share/man/man1/pager.1.gz pager.1.gz /usr/share/man/man1/more.1.gz
update-alternatives 2024-02-27 15:59:38: link group pager updated to point to /bin/more
update-alternatives 2024-02-27 15:59:49: run with --remove builtins.7.gz /usr/share/man/man7/bash-builtins.7.gz
update-alternatives 2024-02-27 15:59:49: link group builtins.7.gz fully removed
update-alternatives 2024-02-27 15:59:59: run with --install /usr/bin/which which /usr/bin/which.debianutils 0 --slave /usr/share/man/man1/which.1.gz which.1.gz /usr/share/man/man1/which.debianutils.1.gz --slave /usr/share/man/de/man1/which.1.gz which.de1.gz /usr/share/man/de/man1/which.debianutils.1.gz --slave /usr/share/man/es/man1/which.1.gz which.es1.gz /usr/share/man/es/man1/which.debianutils.1.gz --slave /usr/share/man/fr/man1/which.1.gz which.fr1.gz /usr/share/man/fr/man1/which.debianutils.1.gz --slave /usr/share/man/it/man1/which.1.gz which.it1.gz /usr/share/man/it/man1/which.debianutils.1.gz --slave /usr/share/man/ja/man1/which.1.gz which.ja1.gz /usr/share/man/ja/man1/which.debianutils.1.gz --slave /usr/share/man/pl/man1/which.1.gz which.pl1.gz /usr/share/man/pl/man1/which.debianutils.1.gz --slave /usr/share/man/sl/man1/which.1.gz which.sl1.gz /usr/share/man/sl/man1/which.debianutils.1.gz
update-alternatives 2024-02-27 15:59:59: auto-repair link group which
update-alternatives 2024-02-27 16:02:21: run with --install /usr/bin/awk awk /usr/bin/mawk 5 --slave /usr/share/man/man1/awk.1.gz awk.1.gz /usr/share/man/man1/mawk.1.gz --slave /usr/bin/nawk nawk /usr/bin/mawk --slave /usr/share/man/man1/nawk.1.gz nawk.1.gz /usr/share/man/man1/mawk.1.gz
update-alternatives 2024-02-27 16:02:21: auto-repair link group awk
update-alternatives 2024-02-27 16:02:39: run with --install /usr/sbin/rmt rmt /usr/sbin/rmt-tar 50 --slave /usr/share/man/man8/rmt.8.gz rmt.8.gz /usr/share/man/man8/rmt-tar.8.gz
update-alternatives 2024-02-27 16:02:39: auto-repair link group rmt
update-alternatives 2024-02-27 16:02:44: run with --install /usr/bin/pager pager /bin/more 50 --slave /usr/share/man/man1/pager.1.gz pager.1.gz /usr/share/man/man1/more.1.gz
update-alternatives 2024-02-27 16:02:44: auto-repair link group pager
update-alternatives 2024-02-27 16:02:52: run with --install /usr/sbin/rmt rmt /usr/sbin/rmt-tar 50 --slave /usr/share/man/man8/rmt.8.gz rmt.8.gz /usr/share/man/man8/rmt-tar.8.gz
update-alternatives 2024-03-26 22:22:58: run with --install /usr/bin/vncserver vncserver /usr/bin/kasmvncserver 90 --slave /usr/share/man/man1/vncserver.1.gz vncserver.1.gz /usr/share/man/man1/kasmvncserver.1.gz
update-alternatives 2024-03-26 22:22:58: link group vncserver updated to point to /usr/bin/kasmvncserver
update-alternatives 2024-03-26 22:22:58: run with --install /usr/bin/vncpasswd vncpasswd /usr/bin/kasmvncpasswd 90 --slave /usr/share/man/man1/vncpasswd.1.gz vncpasswd.1.gz /usr/share/man/man1/kasmvncpasswd.1.gz
update-alternatives 2024-03-26 22:22:58: link group vncpasswd updated to point to /usr/bin/kasmvncpasswd
update-alternatives 2024-03-26 22:22:58: run with --install /usr/bin/vncconfig vncconfig /usr/bin/kasmvncconfig 90 --slave /usr/share/man/man1/vncconfig.1.gz vncconfig.1.gz /usr/share/man/man1/kasmvncconfig.1.gz
update-alternatives 2024-03-26 22:22:58: link group vncconfig updated to point to /usr/bin/kasmvncconfig
update-alternatives 2024-03-26 22:22:58: run with --install /usr/bin/Xvnc Xvnc /usr/bin/Xkasmvnc 90 --slave /usr/share/man/man1/Xvnc.1.gz Xvnc.1.gz /usr/share/man/man1/Xkasmvnc.1.gz
update-alternatives 2024-03-26 22:22:58: link group Xvnc updated to point to /usr/bin/Xkasmvnc
update-alternatives 2024-03-26 22:22:58: run with --install /usr/bin/xproxy xproxy /usr/bin/kasmxproxy 90 --slave /usr/share/man/man1/xproxy.1.gz xproxy.1.gz /usr/share/man/man1/kasmxproxy.1.gz
update-alternatives 2024-03-26 22:22:58: link group xproxy updated to point to /usr/bin/kasmxproxy
