
Start-Date: 2024-02-27  15:59:41
Commandline: apt-get install --reinstall adduser
Reinstall: adduser:amd64 (3.118ubuntu5)
End-Date: 2024-02-27  15:59:42

Start-Date: 2024-02-27  15:59:43
Commandline: apt-get install --reinstall apt
Reinstall: apt:amd64 (2.4.5)
End-Date: 2024-02-27  15:59:44

Start-Date: 2024-02-27  15:59:45
Commandline: apt-get install --reinstall base-files
Reinstall: base-files:amd64 (12ubuntu4)
End-Date: 2024-02-27  15:59:46

Start-Date: 2024-02-27  15:59:47
Commandline: apt-get install --reinstall base-passwd
Reinstall: base-passwd:amd64 (3.5.52build1)
End-Date: 2024-02-27  15:59:48

Start-Date: 2024-02-27  15:59:49
Commandline: apt-get install --reinstall bash
Reinstall: bash:amd64 (5.1-6ubuntu1)
End-Date: 2024-02-27  15:59:50

Start-Date: 2024-02-27  15:59:51
Commandline: apt-get install --reinstall bsdutils
Reinstall: bsdutils:amd64 (1:2.37.2-4ubuntu3)
End-Date: 2024-02-27  15:59:52

Start-Date: 2024-02-27  15:59:53
Commandline: apt-get install --reinstall coreutils
Reinstall: coreutils:amd64 (8.32-4.1ubuntu1)
End-Date: 2024-02-27  15:59:53

Start-Date: 2024-02-27  15:59:55
Commandline: apt-get install --reinstall dash
Reinstall: dash:amd64 (0.5.11+git20210903+057cd650a4ed-3build1)
End-Date: 2024-02-27  15:59:55

Start-Date: 2024-02-27  15:59:56
Commandline: apt-get install --reinstall debconf
Reinstall: debconf:amd64 (1.5.79ubuntu1)
End-Date: 2024-02-27  15:59:57

Start-Date: 2024-02-27  15:59:58
Commandline: apt-get install --reinstall debianutils
Reinstall: debianutils:amd64 (5.5-1ubuntu2)
End-Date: 2024-02-27  15:59:59

Start-Date: 2024-02-27  16:00:00
Commandline: apt-get install --reinstall diffutils
Reinstall: diffutils:amd64 (1:3.8-0ubuntu2)
End-Date: 2024-02-27  16:00:01

Start-Date: 2024-02-27  16:00:02
Commandline: apt-get install --reinstall dpkg
Reinstall: dpkg:amd64 (1.21.1ubuntu2)
End-Date: 2024-02-27  16:00:03

Start-Date: 2024-02-27  16:00:04
Commandline: apt-get install --reinstall e2fsprogs
Reinstall: e2fsprogs:amd64 (1.46.5-2ubuntu1)
End-Date: 2024-02-27  16:00:05

Start-Date: 2024-02-27  16:00:06
Commandline: apt-get install --reinstall findutils
Reinstall: findutils:amd64 (4.8.0-1ubuntu3)
End-Date: 2024-02-27  16:00:07

Start-Date: 2024-02-27  16:00:08
Commandline: apt-get install --reinstall gcc-12-base:amd64
Reinstall: gcc-12-base:amd64 (12-20220319-1ubuntu1)
End-Date: 2024-02-27  16:00:08

Start-Date: 2024-02-27  16:00:09
Commandline: apt-get install --reinstall gpgv
Reinstall: gpgv:amd64 (2.2.27-3ubuntu2)
End-Date: 2024-02-27  16:00:10

Start-Date: 2024-02-27  16:00:11
Commandline: apt-get install --reinstall grep
Reinstall: grep:amd64 (3.7-1build1)
End-Date: 2024-02-27  16:00:12

Start-Date: 2024-02-27  16:00:13
Commandline: apt-get install --reinstall gzip
Reinstall: gzip:amd64 (1.10-4ubuntu4)
End-Date: 2024-02-27  16:00:14

Start-Date: 2024-02-27  16:00:15
Commandline: apt-get install --reinstall hostname
Reinstall: hostname:amd64 (3.23ubuntu2)
End-Date: 2024-02-27  16:00:16

Start-Date: 2024-02-27  16:00:17
Commandline: apt-get install --reinstall init-system-helpers
Reinstall: init-system-helpers:amd64 (1.62)
End-Date: 2024-02-27  16:00:17

Start-Date: 2024-02-27  16:00:19
Commandline: apt-get install --reinstall libacl1:amd64
Reinstall: libacl1:amd64 (2.3.1-1)
End-Date: 2024-02-27  16:00:19

Start-Date: 2024-02-27  16:00:20
Commandline: apt-get install --reinstall libapt-pkg6.0:amd64
Reinstall: libapt-pkg6.0:amd64 (2.4.5)
End-Date: 2024-02-27  16:00:21

Start-Date: 2024-02-27  16:00:22
Commandline: apt-get install --reinstall libattr1:amd64
Reinstall: libattr1:amd64 (1:2.5.1-1build1)
End-Date: 2024-02-27  16:00:23

Start-Date: 2024-02-27  16:00:24
Commandline: apt-get install --reinstall libaudit-common
Reinstall: libaudit-common:amd64 (1:3.0.7-1build1)
End-Date: 2024-02-27  16:00:25

Start-Date: 2024-02-27  16:00:26
Commandline: apt-get install --reinstall libaudit1:amd64
Reinstall: libaudit1:amd64 (1:3.0.7-1build1)
End-Date: 2024-02-27  16:00:27

Start-Date: 2024-02-27  16:00:28
Commandline: apt-get install --reinstall libblkid1:amd64
Reinstall: libblkid1:amd64 (2.37.2-4ubuntu3)
End-Date: 2024-02-27  16:00:28

Start-Date: 2024-02-27  16:00:30
Commandline: apt-get install --reinstall libbz2-1.0:amd64
Reinstall: libbz2-1.0:amd64 (1.0.8-5build1)
End-Date: 2024-02-27  16:00:30

Start-Date: 2024-02-27  16:00:31
Commandline: apt-get install --reinstall libc-bin
Reinstall: libc-bin:amd64 (2.35-0ubuntu3)
End-Date: 2024-02-27  16:00:32

Start-Date: 2024-02-27  16:00:33
Commandline: apt-get install --reinstall libc6:amd64
Reinstall: libc6:amd64 (2.35-0ubuntu3)
End-Date: 2024-02-27  16:00:35

Start-Date: 2024-02-27  16:00:36
Commandline: apt-get install --reinstall libcap-ng0:amd64
Reinstall: libcap-ng0:amd64 (0.7.9-2.2build3)
End-Date: 2024-02-27  16:00:37

Start-Date: 2024-02-27  16:00:38
Commandline: apt-get install --reinstall libcap2:amd64
Reinstall: libcap2:amd64 (1:2.44-1build3)
End-Date: 2024-02-27  16:00:39

Start-Date: 2024-02-27  16:00:40
Commandline: apt-get install --reinstall libcom-err2:amd64
Reinstall: libcom-err2:amd64 (1.46.5-2ubuntu1)
End-Date: 2024-02-27  16:00:41

Start-Date: 2024-02-27  16:00:42
Commandline: apt-get install --reinstall libcrypt1:amd64
Reinstall: libcrypt1:amd64 (1:4.4.27-1)
End-Date: 2024-02-27  16:00:42

Start-Date: 2024-02-27  16:00:44
Commandline: apt-get install --reinstall libdb5.3:amd64
Reinstall: libdb5.3:amd64 (5.3.28+dfsg1-0.8ubuntu3)
End-Date: 2024-02-27  16:00:44

Start-Date: 2024-02-27  16:00:45
Commandline: apt-get install --reinstall libdebconfclient0:amd64
Reinstall: libdebconfclient0:amd64 (0.261ubuntu1)
End-Date: 2024-02-27  16:00:46

Start-Date: 2024-02-27  16:00:47
Commandline: apt-get install --reinstall libext2fs2:amd64
Reinstall: libext2fs2:amd64 (1.46.5-2ubuntu1)
End-Date: 2024-02-27  16:00:48

Start-Date: 2024-02-27  16:00:49
Commandline: apt-get install --reinstall libffi8:amd64
Reinstall: libffi8:amd64 (3.4.2-4)
End-Date: 2024-02-27  16:00:50

Start-Date: 2024-02-27  16:00:51
Commandline: apt-get install --reinstall libgcc-s1:amd64
Reinstall: libgcc-s1:amd64 (12-20220319-1ubuntu1)
End-Date: 2024-02-27  16:00:51

Start-Date: 2024-02-27  16:00:53
Commandline: apt-get install --reinstall libgcrypt20:amd64
Reinstall: libgcrypt20:amd64 (1.9.4-3ubuntu3)
End-Date: 2024-02-27  16:00:53

Start-Date: 2024-02-27  16:00:55
Commandline: apt-get install --reinstall libgmp10:amd64
Reinstall: libgmp10:amd64 (2:6.2.1+dfsg-3ubuntu1)
End-Date: 2024-02-27  16:00:55

Start-Date: 2024-02-27  16:00:56
Commandline: apt-get install --reinstall libgnutls30:amd64
Reinstall: libgnutls30:amd64 (3.7.3-4ubuntu1)
End-Date: 2024-02-27  16:00:57

Start-Date: 2024-02-27  16:00:58
Commandline: apt-get install --reinstall libgpg-error0:amd64
Reinstall: libgpg-error0:amd64 (1.43-3)
End-Date: 2024-02-27  16:00:59

Start-Date: 2024-02-27  16:01:00
Commandline: apt-get install --reinstall libgssapi-krb5-2:amd64
Reinstall: libgssapi-krb5-2:amd64 (1.19.2-2)
End-Date: 2024-02-27  16:01:01

Start-Date: 2024-02-27  16:01:02
Commandline: apt-get install --reinstall libhogweed6:amd64
Reinstall: libhogweed6:amd64 (3.7.3-1build2)
End-Date: 2024-02-27  16:01:03

Start-Date: 2024-02-27  16:01:04
Commandline: apt-get install --reinstall libidn2-0:amd64
Reinstall: libidn2-0:amd64 (2.3.2-2build1)
End-Date: 2024-02-27  16:01:04

Start-Date: 2024-02-27  16:01:05
Commandline: apt-get install --reinstall libk5crypto3:amd64
Reinstall: libk5crypto3:amd64 (1.19.2-2)
End-Date: 2024-02-27  16:01:06

Start-Date: 2024-02-27  16:01:07
Commandline: apt-get install --reinstall libkeyutils1:amd64
Reinstall: libkeyutils1:amd64 (1.6.1-2ubuntu3)
End-Date: 2024-02-27  16:01:08

Start-Date: 2024-02-27  16:01:09
Commandline: apt-get install --reinstall libkrb5-3:amd64
Reinstall: libkrb5-3:amd64 (1.19.2-2)
End-Date: 2024-02-27  16:01:10

Start-Date: 2024-02-27  16:01:11
Commandline: apt-get install --reinstall libkrb5support0:amd64
Reinstall: libkrb5support0:amd64 (1.19.2-2)
End-Date: 2024-02-27  16:01:11

Start-Date: 2024-02-27  16:01:13
Commandline: apt-get install --reinstall liblz4-1:amd64
Reinstall: liblz4-1:amd64 (1.9.3-2build2)
End-Date: 2024-02-27  16:01:13

Start-Date: 2024-02-27  16:01:14
Commandline: apt-get install --reinstall liblzma5:amd64
Reinstall: liblzma5:amd64 (5.2.5-2ubuntu1)
End-Date: 2024-02-27  16:01:15

Start-Date: 2024-02-27  16:01:16
Commandline: apt-get install --reinstall libmount1:amd64
Reinstall: libmount1:amd64 (2.37.2-4ubuntu3)
End-Date: 2024-02-27  16:01:17

Start-Date: 2024-02-27  16:01:18
Commandline: apt-get install --reinstall libncurses6:amd64
Reinstall: libncurses6:amd64 (6.3-2)
End-Date: 2024-02-27  16:01:19

Start-Date: 2024-02-27  16:01:20
Commandline: apt-get install --reinstall libncursesw6:amd64
Reinstall: libncursesw6:amd64 (6.3-2)
End-Date: 2024-02-27  16:01:20

Start-Date: 2024-02-27  16:01:22
Commandline: apt-get install --reinstall libnettle8:amd64
Reinstall: libnettle8:amd64 (3.7.3-1build2)
End-Date: 2024-02-27  16:01:22

Start-Date: 2024-02-27  16:01:23
Commandline: apt-get install --reinstall libnsl2:amd64
Reinstall: libnsl2:amd64 (1.3.0-2build2)
End-Date: 2024-02-27  16:01:24

Start-Date: 2024-02-27  16:01:25
Commandline: apt-get install --reinstall libp11-kit0:amd64
Reinstall: libp11-kit0:amd64 (0.24.0-6build1)
End-Date: 2024-02-27  16:01:26

Start-Date: 2024-02-27  16:01:27
Commandline: apt-get install --reinstall libpam-modules:amd64
Reinstall: libpam-modules:amd64 (1.4.0-11ubuntu2)
End-Date: 2024-02-27  16:01:28

Start-Date: 2024-02-27  16:01:29
Commandline: apt-get install --reinstall libpam-modules-bin
Reinstall: libpam-modules-bin:amd64 (1.4.0-11ubuntu2)
End-Date: 2024-02-27  16:01:29

Start-Date: 2024-02-27  16:01:31
Commandline: apt-get install --reinstall libpam-runtime
Reinstall: libpam-runtime:amd64 (1.4.0-11ubuntu2)
End-Date: 2024-02-27  16:01:31

Start-Date: 2024-02-27  16:01:33
Commandline: apt-get install --reinstall libpam0g:amd64
Reinstall: libpam0g:amd64 (1.4.0-11ubuntu2)
End-Date: 2024-02-27  16:01:33

Start-Date: 2024-02-27  16:01:34
Commandline: apt-get install --reinstall libpcre2-8-0:amd64
Reinstall: libpcre2-8-0:amd64 (10.39-3build1)
End-Date: 2024-02-27  16:01:35

Start-Date: 2024-02-27  16:01:36
Commandline: apt-get install --reinstall libpcre3:amd64
Reinstall: libpcre3:amd64 (2:8.39-13build5)
End-Date: 2024-02-27  16:01:37

Start-Date: 2024-02-27  16:01:38
Commandline: apt-get install --reinstall libprocps8:amd64
Reinstall: libprocps8:amd64 (2:3.3.17-6ubuntu2)
End-Date: 2024-02-27  16:01:39

Start-Date: 2024-02-27  16:01:40
Commandline: apt-get install --reinstall libseccomp2:amd64
Reinstall: libseccomp2:amd64 (2.5.3-2ubuntu2)
End-Date: 2024-02-27  16:01:40

Start-Date: 2024-02-27  16:01:42
Commandline: apt-get install --reinstall libselinux1:amd64
Reinstall: libselinux1:amd64 (3.3-1build2)
End-Date: 2024-02-27  16:01:42

Start-Date: 2024-02-27  16:01:43
Commandline: apt-get install --reinstall libsemanage-common
Reinstall: libsemanage-common:amd64 (3.3-1build2)
End-Date: 2024-02-27  16:01:44

Start-Date: 2024-02-27  16:01:45
Commandline: apt-get install --reinstall libsemanage2:amd64
Reinstall: libsemanage2:amd64 (3.3-1build2)
End-Date: 2024-02-27  16:01:46

Start-Date: 2024-02-27  16:01:47
Commandline: apt-get install --reinstall libsepol2:amd64
Reinstall: libsepol2:amd64 (3.3-1build1)
End-Date: 2024-02-27  16:01:48

Start-Date: 2024-02-27  16:01:49
Commandline: apt-get install --reinstall libsmartcols1:amd64
Reinstall: libsmartcols1:amd64 (2.37.2-4ubuntu3)
End-Date: 2024-02-27  16:01:50

Start-Date: 2024-02-27  16:01:51
Commandline: apt-get install --reinstall libss2:amd64
Reinstall: libss2:amd64 (1.46.5-2ubuntu1)
End-Date: 2024-02-27  16:01:51

Start-Date: 2024-02-27  16:01:53
Commandline: apt-get install --reinstall libssl3:amd64
Reinstall: libssl3:amd64 (3.0.2-0ubuntu1)
End-Date: 2024-02-27  16:01:53

Start-Date: 2024-02-27  16:01:55
Commandline: apt-get install --reinstall libstdc++6:amd64
Reinstall: libstdc++6:amd64 (12-20220319-1ubuntu1)
End-Date: 2024-02-27  16:01:55

Start-Date: 2024-02-27  16:01:56
Commandline: apt-get install --reinstall libsystemd0:amd64
Reinstall: libsystemd0:amd64 (249.11-0ubuntu3)
End-Date: 2024-02-27  16:01:57

Start-Date: 2024-02-27  16:01:58
Commandline: apt-get install --reinstall libtasn1-6:amd64
Reinstall: libtasn1-6:amd64 (4.18.0-4build1)
End-Date: 2024-02-27  16:01:59

Start-Date: 2024-02-27  16:02:00
Commandline: apt-get install --reinstall libtinfo6:amd64
Reinstall: libtinfo6:amd64 (6.3-2)
End-Date: 2024-02-27  16:02:01

Start-Date: 2024-02-27  16:02:02
Commandline: apt-get install --reinstall libtirpc-common
Reinstall: libtirpc-common:amd64 (1.3.2-2build1)
End-Date: 2024-02-27  16:02:03

Start-Date: 2024-02-27  16:02:04
Commandline: apt-get install --reinstall libtirpc3:amd64
Reinstall: libtirpc3:amd64 (1.3.2-2build1)
End-Date: 2024-02-27  16:02:04

Start-Date: 2024-02-27  16:02:05
Commandline: apt-get install --reinstall libudev1:amd64
Reinstall: libudev1:amd64 (249.11-0ubuntu3)
End-Date: 2024-02-27  16:02:06

Start-Date: 2024-02-27  16:02:07
Commandline: apt-get install --reinstall libunistring2:amd64
Reinstall: libunistring2:amd64 (1.0-1)
End-Date: 2024-02-27  16:02:08

Start-Date: 2024-02-27  16:02:09
Commandline: apt-get install --reinstall libuuid1:amd64
Reinstall: libuuid1:amd64 (2.37.2-4ubuntu3)
End-Date: 2024-02-27  16:02:10

Start-Date: 2024-02-27  16:02:11
Commandline: apt-get install --reinstall libxxhash0:amd64
Reinstall: libxxhash0:amd64 (0.8.1-1)
End-Date: 2024-02-27  16:02:12

Start-Date: 2024-02-27  16:02:13
Commandline: apt-get install --reinstall libzstd1:amd64
Reinstall: libzstd1:amd64 (1.4.8+dfsg-3build1)
End-Date: 2024-02-27  16:02:14

Start-Date: 2024-02-27  16:02:15
Commandline: apt-get install --reinstall login
Reinstall: login:amd64 (1:4.8.1-2ubuntu2)
End-Date: 2024-02-27  16:02:16

Start-Date: 2024-02-27  16:02:17
Commandline: apt-get install --reinstall logsave
Reinstall: logsave:amd64 (1.46.5-2ubuntu1)
End-Date: 2024-02-27  16:02:17

Start-Date: 2024-02-27  16:02:18
Commandline: apt-get install --reinstall lsb-base
Reinstall: lsb-base:amd64 (11.1.0ubuntu4)
End-Date: 2024-02-27  16:02:19

Start-Date: 2024-02-27  16:02:20
Commandline: apt-get install --reinstall mawk
Reinstall: mawk:amd64 (1.3.4.20200120-3)
End-Date: 2024-02-27  16:02:21

Start-Date: 2024-02-27  16:02:22
Commandline: apt-get install --reinstall mount
Reinstall: mount:amd64 (2.37.2-4ubuntu3)
End-Date: 2024-02-27  16:02:23

Start-Date: 2024-02-27  16:02:24
Commandline: apt-get install --reinstall ncurses-base
Reinstall: ncurses-base:amd64 (6.3-2)
End-Date: 2024-02-27  16:02:25

Start-Date: 2024-02-27  16:02:26
Commandline: apt-get install --reinstall ncurses-bin
Reinstall: ncurses-bin:amd64 (6.3-2)
End-Date: 2024-02-27  16:02:26

Start-Date: 2024-02-27  16:02:28
Commandline: apt-get install --reinstall passwd
Reinstall: passwd:amd64 (1:4.8.1-2ubuntu2)
End-Date: 2024-02-27  16:02:28

Start-Date: 2024-02-27  16:02:29
Commandline: apt-get install --reinstall perl-base
Reinstall: perl-base:amd64 (5.34.0-3ubuntu1)
End-Date: 2024-02-27  16:02:30

Start-Date: 2024-02-27  16:02:31
Commandline: apt-get install --reinstall procps
Reinstall: procps:amd64 (2:3.3.17-6ubuntu2)
End-Date: 2024-02-27  16:02:32

Start-Date: 2024-02-27  16:02:33
Commandline: apt-get install --reinstall sed
Reinstall: sed:amd64 (4.8-1ubuntu2)
End-Date: 2024-02-27  16:02:34

Start-Date: 2024-02-27  16:02:35
Commandline: apt-get install --reinstall sensible-utils
Reinstall: sensible-utils:amd64 (0.0.17)
End-Date: 2024-02-27  16:02:35

Start-Date: 2024-02-27  16:02:37
Commandline: apt-get install --reinstall sysvinit-utils
Reinstall: sysvinit-utils:amd64 (3.01-1ubuntu1)
End-Date: 2024-02-27  16:02:37

Start-Date: 2024-02-27  16:02:38
Commandline: apt-get install --reinstall tar
Reinstall: tar:amd64 (1.34+dfsg-1build3)
End-Date: 2024-02-27  16:02:39

Start-Date: 2024-02-27  16:02:40
Commandline: apt-get install --reinstall ubuntu-keyring
Reinstall: ubuntu-keyring:amd64 (2021.03.26)
End-Date: 2024-02-27  16:02:41

Start-Date: 2024-02-27  16:02:42
Commandline: apt-get install --reinstall usrmerge
Reinstall: usrmerge:amd64 (25ubuntu2)
End-Date: 2024-02-27  16:02:42

Start-Date: 2024-02-27  16:02:44
Commandline: apt-get install --reinstall util-linux
Reinstall: util-linux:amd64 (2.37.2-4ubuntu3)
End-Date: 2024-02-27  16:02:45

Start-Date: 2024-02-27  16:02:46
Commandline: apt-get install --reinstall zlib1g:amd64
Reinstall: zlib1g:amd64 (1:1.2.11.dfsg-2ubuntu9)
End-Date: 2024-02-27  16:02:46

Start-Date: 2024-02-27  16:02:52
Commandline: apt-get --yes -oDebug::pkgDepCache::AutoInstall=yes --force-yes upgrade
Upgrade: dpkg:amd64 (1.21.1ubuntu2, 1.21.1ubuntu2.2), libpam-runtime:amd64 (1.4.0-11ubuntu2, 1.4.0-11ubuntu2.4), coreutils:amd64 (8.32-4.1ubuntu1, 8.32-4.1ubuntu1.1), libext2fs2:amd64 (1.46.5-2ubuntu1, 1.46.5-2ubuntu1.1), libgssapi-krb5-2:amd64 (1.19.2-2, 1.19.2-2ubuntu0.3), apt:amd64 (2.4.5, 2.4.11), libtinfo6:amd64 (6.3-2, 6.3-2ubuntu0.1), libtirpc-common:amd64 (1.3.2-2build1, 1.3.2-2ubuntu0.1), libpcre3:amd64 (2:8.39-13build5, 2:8.39-13ubuntu0.22.04.1), tar:amd64 (1.34+dfsg-1build3, 1.34+dfsg-1ubuntu0.1.22.04.2), libapt-pkg6.0:amd64 (2.4.5, 2.4.11), libsystemd0:amd64 (249.11-0ubuntu3, 249.11-0ubuntu3.12), libkrb5support0:amd64 (1.19.2-2, 1.19.2-2ubuntu0.3), libudev1:amd64 (249.11-0ubuntu3, 249.11-0ubuntu3.12), libcom-err2:amd64 (1.46.5-2ubuntu1, 1.46.5-2ubuntu1.1), libcap2:amd64 (1:2.44-1build3, 1:2.44-1ubuntu0.22.04.1), libc6:amd64 (2.35-0ubuntu3, 2.35-0ubuntu3.6), libssl3:amd64 (3.0.2-0ubuntu1, 3.0.2-0ubuntu1.15), libkrb5-3:amd64 (1.19.2-2, 1.19.2-2ubuntu0.3), libpam-modules:amd64 (1.4.0-11ubuntu2, 1.4.0-11ubuntu2.4), gpgv:amd64 (2.2.27-3ubuntu2, 2.2.27-3ubuntu2.1), base-files:amd64 (12ubuntu4, 12ubuntu4.6), libk5crypto3:amd64 (1.19.2-2, 1.19.2-2ubuntu0.3), ncurses-base:amd64 (6.3-2, 6.3-2ubuntu0.1), gzip:amd64 (1.10-4ubuntu4, 1.10-4ubuntu4.1), login:amd64 (1:4.8.1-2ubuntu2, 1:4.8.1-2ubuntu2.2), libprocps8:amd64 (2:3.3.17-6ubuntu2, 2:3.3.17-6ubuntu2.1), libpcre2-8-0:amd64 (10.39-3build1, 10.39-3ubuntu0.1), libpam-modules-bin:amd64 (1.4.0-11ubuntu2, 1.4.0-11ubuntu2.4), procps:amd64 (2:3.3.17-6ubuntu2, 2:3.3.17-6ubuntu2.1), perl-base:amd64 (5.34.0-3ubuntu1, 5.34.0-3ubuntu1.3), libpam0g:amd64 (1.4.0-11ubuntu2, 1.4.0-11ubuntu2.4), libc-bin:amd64 (2.35-0ubuntu3, 2.35-0ubuntu3.6), libgnutls30:amd64 (3.7.3-4ubuntu1, 3.7.3-4ubuntu1.4), logsave:amd64 (1.46.5-2ubuntu1, 1.46.5-2ubuntu1.1), libncursesw6:amd64 (6.3-2, 6.3-2ubuntu0.1), ncurses-bin:amd64 (6.3-2, 6.3-2ubuntu0.1), zlib1g:amd64 (1:1.2.11.dfsg-2ubuntu9, 1:1.2.11.dfsg-2ubuntu9.2), gcc-12-base:amd64 (12-20220319-1ubuntu1, 12.3.0-1ubuntu1~22.04), libtirpc3:amd64 (1.3.2-2build1, 1.3.2-2ubuntu0.1), libss2:amd64 (1.46.5-2ubuntu1, 1.46.5-2ubuntu1.1), libstdc++6:amd64 (12-20220319-1ubuntu1, 12.3.0-1ubuntu1~22.04), libncurses6:amd64 (6.3-2, 6.3-2ubuntu0.1), e2fsprogs:amd64 (1.46.5-2ubuntu1, 1.46.5-2ubuntu1.1), passwd:amd64 (1:4.8.1-2ubuntu2, 1:4.8.1-2ubuntu2.2), libgcc-s1:amd64 (12-20220319-1ubuntu1, 12.3.0-1ubuntu1~22.04)
End-Date: 2024-02-27  16:02:55

Start-Date: 2024-03-26  22:22:48
Commandline: apt-get install -y --no-install-recommends libdatetime-perl
Install: libsub-exporter-perl:amd64 (0.988-1, automatic), libperl5.34:amd64 (5.34.0-3ubuntu1.3, automatic), libgdbm-compat4:amd64 (1.23-1, automatic), libxstring-perl:amd64 (0.005-1build2, automatic), libvariable-magic-perl:amd64 (0.62-1build5, automatic), libtry-tiny-perl:amd64 (0.31-1, automatic), perl:amd64 (5.34.0-3ubuntu1.3, automatic), libnamespace-autoclean-perl:amd64 (0.29-1, automatic), libclass-inspector-perl:amd64 (1.36-1, automatic), libsub-quote-perl:amd64 (2.006006-1, automatic), libmro-compat-perl:amd64 (0.15-1, automatic), librole-tiny-perl:amd64 (2.002004-1, automatic), libb-hooks-endofscope-perl:amd64 (0.25-1, automatic), libdatetime-perl:amd64 (2:1.55-1build1), libdevel-callchecker-perl:amd64 (0.008-1ubuntu4, automatic), libdynaloader-functions-perl:amd64 (0.003-1.1, automatic), libspecio-perl:amd64 (0.47-1, automatic), libsub-install-perl:amd64 (0.928-1.1, automatic), libclass-data-inheritable-perl:amd64 (0.08-3, automatic), libdatetime-timezone-perl:amd64 (1:2.51-1+2021e, automatic), libparams-validationcompiler-perl:amd64 (0.30-1, automatic), libdevel-stacktrace-perl:amd64 (2.0400-1, automatic), libexception-class-perl:amd64 (1.45-1, automatic), libclass-singleton-perl:amd64 (1.6-1, automatic), libnamespace-clean-perl:amd64 (0.27-1, automatic), libmodule-implementation-perl:amd64 (0.09-1.1, automatic), libparams-classify-perl:amd64 (0.015-1build5, automatic), libdatetime-locale-perl:amd64 (1:1.33-1, automatic), libsub-identify-perl:amd64 (0.14-1build5, automatic), libdata-optlist-perl:amd64 (0.112-1, automatic), libmodule-runtime-perl:amd64 (0.016-1, automatic), libparams-util-perl:amd64 (1.102-1build3, automatic), libclass-c3-perl:amd64 (0.35-1, automatic), libalgorithm-c3-perl:amd64 (0.11-1, automatic), libpackage-stash-perl:amd64 (0.39-1, automatic), libb-hooks-op-check-perl:amd64 (0.22-1build5, automatic), libfile-sharedir-perl:amd64 (1.118-1, automatic), libsub-exporter-progressive-perl:amd64 (0.001013-1, automatic), perl-modules-5.34:amd64 (5.34.0-3ubuntu1.3, automatic), libeval-closure-perl:amd64 (0.14-1, automatic), libgdbm6:amd64 (1.23-1, automatic), libclass-method-modifiers-perl:amd64 (2.13-1, automatic), libsub-name-perl:amd64 (0.26-1build3, automatic)
End-Date: 2024-03-26  22:22:49

Start-Date: 2024-03-26  22:22:55
Commandline: apt-get install -y --no-install-recommends /tmp/package.deb
Install: libxcb-present0:amd64 (1.14-3ubuntu3, automatic), libgomp1:amd64 (12.3.0-1ubuntu1~22.04, automatic), libxxf86vm1:amd64 (1:1.1.4-1build3, automatic), libglx-mesa0:amd64 (23.2.1-1ubuntu3.1~22.04.2, automatic), xkb-data:amd64 (2.33-1, automatic), libxrender1:amd64 (1:0.9.10-1build4, automatic), libglvnd0:amd64 (1.4.0-1, automatic), ssl-cert:amd64 (1.1.2, automatic), libsensors-config:amd64 (1:3.6.0-7ubuntu1, automatic), libx11-xcb1:amd64 (2:1.7.5-1ubuntu0.3, automatic), libxshmfence1:amd64 (1.3-1build4, automatic), libunwind8:amd64 (1.3.2-2build2.1, automatic), libexporter-tiny-perl:amd64 (1.002002-1, automatic), libxkbfile1:amd64 (1:1.1.0-1build3, automatic), libxcb-dri2-0:amd64 (1.14-3ubuntu3, automatic), libxcb-dri3-0:amd64 (1.14-3ubuntu3, automatic), libgbm1:amd64 (23.2.1-1ubuntu3.1~22.04.2, automatic), libpciaccess0:amd64 (0.16-3, automatic), libxcursor1:amd64 (1:1.2.0-2build4, automatic), libexpat1:amd64 (2.4.7-1ubuntu0.3, automatic), libxmuu1:amd64 (2:1.1.3-3, automatic), x11-common:amd64 (1:7.7+23ubuntu2, automatic), libwayland-server0:amd64 (1.20.0-1ubuntu0.1, automatic), libglx0:amd64 (1.4.0-1, automatic), liblist-moreutils-perl:amd64 (0.430-2, automatic), libdrm-nouveau2:amd64 (2.4.113-2~ubuntu0.22.04.1, automatic), libpixman-1-0:amd64 (0.40.0-1ubuntu0.22.04.1, automatic), libfreetype6:amd64 (2.11.1+dfsg-1ubuntu0.2, automatic), libswitch-perl:amd64 (2.17-2.1, automatic), libxau6:amd64 (1:1.0.9-1build5, automatic), libxaw7:amd64 (2:1.0.14-1, automatic), libxcb1:amd64 (1.14-3ubuntu3, automatic), kasmvncserver:amd64 (1.3.1-1), libllvm15:amd64 (1:15.0.7-0ubuntu0.22.04.3, automatic), libxml2:amd64 (2.9.13+dfsg-1ubuntu0.4, automatic), libxmu6:amd64 (2:1.1.3-3, automatic), libbsd0:amd64 (0.11.5-1, automatic), libxpm4:amd64 (1:3.5.12-1ubuntu0.22.04.2, automatic), libgl1-mesa-dri:amd64 (23.2.1-1ubuntu3.1~22.04.2, automatic), libpng16-16:amd64 (1.6.37-3build5, automatic), libxrandr2:amd64 (2:1.5.2-1build1, automatic), libxfont2:amd64 (1:2.0.5-1build1, automatic), libfontenc1:amd64 (1:1.1.4-1build3, automatic), libdrm-common:amd64 (2.4.113-2~ubuntu0.22.04.1, automatic), libx11-data:amd64 (2:1.7.5-1ubuntu0.3, automatic), libhash-merge-simple-perl:amd64 (0.051-2.1, automatic), libxtst6:amd64 (2:1.2.3-1build4, automatic), xauth:amd64 (1:1.1-1build2, automatic), libice6:amd64 (2:1.0.10-1build2, automatic), x11-xkb-utils:amd64 (7.7+5build4, automatic), libxcb-glx0:amd64 (1.14-3ubuntu3, automatic), libglapi-mesa:amd64 (23.2.1-1ubuntu3.1~22.04.2, automatic), libbrotli1:amd64 (1.0.9-2build6, automatic), libdrm-amdgpu1:amd64 (2.4.113-2~ubuntu0.22.04.1, automatic), libdrm-radeon1:amd64 (2.4.113-2~ubuntu0.22.04.1, automatic), libdrm2:amd64 (2.4.113-2~ubuntu0.22.04.1, automatic), libsensors5:amd64 (1:3.6.0-7ubuntu1, automatic), libxcb-randr0:amd64 (1.14-3ubuntu3, automatic), libxext6:amd64 (2:1.3.4-1build1, automatic), liblist-moreutils-xs-perl:amd64 (0.430-2build2, automatic), libxcb-shm0:amd64 (1.14-3ubuntu3, automatic), libgl1:amd64 (1.4.0-1, automatic), libx11-6:amd64 (2:1.7.5-1ubuntu0.3, automatic), libelf1:amd64 (0.186-1build1, automatic), libmd0:amd64 (1.0.4-1build1, automatic), libxcb-sync1:amd64 (1.14-3ubuntu3, automatic), libedit2:amd64 (3.1-20210910-1build1, automatic), libicu70:amd64 (70.1-2, automatic), libsm6:amd64 (2:1.2.3-1build2, automatic), libdrm-intel1:amd64 (2.4.113-2~ubuntu0.22.04.1, automatic), libxfixes3:amd64 (1:6.0.0-1, automatic), libxdmcp6:amd64 (1:1.1.3-0ubuntu5, automatic), libxt6:amd64 (1:1.2.1-1, automatic), openssl:amd64 (3.0.2-0ubuntu1.15, automatic), libyaml-tiny-perl:amd64 (1.73-1, automatic), libxcb-xfixes0:amd64 (1.14-3ubuntu3, automatic)
End-Date: 2024-03-26  22:22:58
